SF:lib/services/demo_service.dart
DA:2,1
DA:4,1
DA:9,1
DA:10,1
DA:16,1
DA:17,1
DA:18,1
DA:19,1
DA:20,1
DA:21,0
DA:27,1
DA:28,1
DA:29,1
DA:30,1
DA:37,1
DA:38,1
DA:39,1
DA:40,1
DA:41,0
DA:48,1
DA:49,0
DA:55,1
DA:56,1
DA:57,1
DA:58,1
DA:59,1
DA:65,1
DA:66,0
DA:72,1
DA:73,0
DA:79,1
DA:80,0
DA:86,1
DA:87,1
DA:88,1
DA:89,0
DA:96,1
DA:97,0
DA:104,1
DA:105,0
DA:112,1
DA:113,1
DA:114,1
DA:115,1
DA:116,0
DA:123,1
DA:124,1
DA:125,1
DA:126,1
DA:127,0
DA:134,1
DA:135,1
DA:136,1
DA:137,1
DA:138,0
DA:145,1
LF:56
LH:44
end_of_record
SF:lib/services/app_state_store.dart
DA:37,0
LF:1
LH:0
end_of_record
SF:lib/providers/questions_provider.dart
DA:9,11
DA:10,8
DA:12,6
DA:13,2
DA:15,2
DA:17,2
DA:21,2
DA:23,2
DA:27,2
DA:31,8
DA:32,2
DA:33,2
DA:39,2
DA:45,2
DA:51,2
DA:57,2
DA:63,2
DA:69,2
DA:75,2
DA:81,2
DA:87,2
DA:93,2
DA:99,2
DA:105,2
DA:111,2
DA:117,2
DA:123,2
DA:129,2
DA:135,2
DA:141,2
DA:147,2
DA:153,2
DA:159,2
DA:168,8
DA:169,2
DA:172,6
DA:174,4
DA:175,4
DA:176,2
DA:180,9
DA:181,3
DA:184,3
DA:186,6
DA:187,3
DA:189,0
DA:190,0
DA:191,0
DA:194,0
DA:198,1
DA:199,1
DA:202,1
DA:205,3
DA:207,3
DA:208,4
DA:211,1
DA:214,1
DA:216,2
DA:217,5
DA:218,1
DA:220,0
DA:224,1
DA:225,2
DA:226,1
LF:63
LH:58
end_of_record
SF:lib/models/document_model.dart
DA:20,1
DA:27,1
DA:28,1
DA:29,1
DA:30,1
DA:31,1
DA:32,1
DA:36,1
DA:37,1
DA:38,1
DA:39,1
DA:40,1
DA:41,1
DA:45,0
DA:65,10
DA:83,5
DA:86,7
DA:87,1
DA:88,3
DA:89,1
DA:92,5
DA:93,6
DA:94,9
DA:95,5
DA:96,5
DA:97,10
DA:98,0
DA:99,5
DA:100,5
DA:101,5
DA:102,5
DA:103,6
DA:104,5
DA:105,5
DA:106,5
DA:107,8
DA:109,5
DA:110,5
DA:115,5
DA:116,5
DA:117,5
DA:118,5
DA:119,5
DA:120,5
DA:121,10
DA:122,5
DA:123,5
DA:124,5
DA:125,5
DA:126,5
DA:127,5
DA:128,5
DA:129,9
DA:130,5
DA:131,5
DA:133,9
DA:138,15
DA:141,5
DA:142,10
DA:145,0
DA:146,0
DA:149,0
DA:150,0
DA:151,0
DA:152,0
DA:155,1
DA:156,1
DA:158,2
DA:159,2
DA:160,3
DA:161,4
DA:163,5
DA:167,4
DA:169,0
DA:171,1
DA:181,1
DA:182,1
DA:183,1
DA:184,1
DA:185,1
DA:186,1
DA:187,1
DA:188,0
DA:189,0
DA:190,0
DA:192,1
DA:193,1
DA:195,1
DA:196,1
DA:197,1
DA:198,1
LF:91
LH:79
end_of_record
SF:lib/models/qa_models.dart
DA:8,2
DA:21,2
DA:45,2
DA:62,2
DA:64,2
DA:66,2
DA:67,4
DA:68,2
DA:69,3
DA:73,1
DA:75,1
DA:76,2
DA:78,0
DA:82,1
DA:83,1
DA:84,1
DA:85,0
DA:86,0
DA:91,1
DA:92,1
DA:93,1
DA:94,1
DA:95,0
DA:99,1
DA:101,0
DA:102,0
DA:106,1
DA:108,2
DA:113,2
DA:114,2
DA:116,2
DA:117,2
DA:118,2
DA:119,4
DA:120,2
DA:122,4
DA:123,3
DA:125,4
DA:126,3
DA:128,6
DA:129,4
DA:130,0
DA:132,2
DA:133,2
DA:134,2
DA:135,2
DA:146,1
DA:153,1
DA:155,1
DA:156,0
DA:161,1
DA:162,1
DA:163,2
DA:164,1
DA:165,2
DA:166,4
DA:170,0
DA:172,0
DA:178,1
DA:179,1
DA:180,1
DA:181,1
DA:182,1
DA:183,1
DA:193,1
DA:199,1
DA:200,1
DA:201,1
DA:202,2
DA:203,1
DA:204,2
DA:205,0
DA:209,1
DA:210,1
DA:211,1
DA:212,1
DA:213,2
DA:214,6
DA:215,3
DA:216,2
DA:217,2
DA:218,2
DA:219,2
DA:220,2
DA:221,2
DA:222,2
DA:223,2
DA:224,2
DA:225,2
DA:226,2
DA:228,2
LF:91
LH:80
end_of_record
SF:lib/config/app_config.dart
DA:56,2
DA:57,2
DA:58,0
DA:63,0
DA:67,0
DA:68,0
DA:69,0
DA:70,0
DA:71,0
DA:72,0
DA:73,0
DA:130,0
DA:131,0
DA:132,0
DA:134,0
DA:135,0
DA:136,0
DA:137,3
DA:138,3
DA:139,0
DA:141,0
DA:142,0
DA:143,0
DA:144,0
DA:145,0
DA:147,0
DA:148,0
DA:150,0
DA:151,0
DA:153,0
DA:154,0
DA:156,0
DA:157,0
DA:160,0
DA:162,0
DA:163,0
DA:164,0
DA:169,0
DA:170,0
DA:171,0
DA:174,0
DA:175,0
DA:176,0
DA:179,0
DA:180,0
DA:181,0
LF:46
LH:4
end_of_record
SF:lib/models/claim_record.dart
DA:19,0
DA:32,0
DA:33,0
DA:34,0
DA:35,0
DA:36,0
DA:37,0
DA:38,0
DA:39,0
DA:40,0
DA:41,0
DA:42,0
DA:43,0
DA:44,0
DA:45,0
DA:47,0
DA:50,0
DA:51,0
DA:52,0
DA:53,0
DA:54,0
DA:55,0
DA:56,0
DA:57,0
DA:58,0
DA:59,0
DA:60,0
DA:63,0
DA:65,0
DA:66,0
DA:68,0
DA:73,0
DA:74,0
DA:75,0
DA:76,0
DA:77,0
DA:78,0
DA:79,0
DA:80,0
DA:81,0
DA:82,0
DA:83,0
DA:96,0
DA:98,0
DA:100,0
DA:102,0
DA:104,0
DA:106,0
LF:48
LH:0
end_of_record
SF:lib/models/field_citation.dart
DA:12,2
DA:18,0
DA:19,0
DA:20,0
DA:21,0
DA:22,0
DA:40,2
DA:55,1
DA:56,1
DA:57,1
DA:59,1
DA:61,1
DA:63,1
DA:65,1
DA:67,1
DA:69,1
DA:71,1
DA:79,1
DA:80,1
DA:81,3
DA:82,6
DA:83,1
DA:92,0
DA:94,0
DA:95,0
DA:96,0
DA:97,0
DA:98,0
DA:99,0
DA:101,0
DA:102,0
DA:103,0
DA:104,0
DA:105,0
DA:106,0
DA:107,0
LF:36
LH:17
end_of_record
SF:lib/models/policy_summary.dart
DA:22,3
DA:42,3
DA:43,12
DA:61,1
DA:62,3
DA:63,3
DA:64,4
DA:65,2
DA:66,1
DA:74,0
DA:75,0
DA:78,0
DA:81,0
DA:84,0
DA:87,0
DA:90,0
DA:96,3
DA:97,4
DA:98,12
DA:101,3
DA:102,3
DA:103,5
DA:106,10
DA:108,2
DA:109,2
DA:110,4
DA:111,4
DA:112,4
DA:113,8
DA:114,0
DA:115,0
DA:117,0
DA:120,2
DA:121,2
DA:122,4
DA:123,4
DA:124,0
DA:125,4
DA:126,8
DA:128,3
DA:131,2
DA:132,2
DA:133,14
DA:136,2
DA:137,2
DA:138,14
DA:141,0
DA:142,0
DA:143,0
DA:144,0
DA:145,0
DA:146,0
DA:147,0
DA:148,0
DA:149,0
DA:150,0
DA:151,0
DA:155,0
DA:156,0
DA:157,0
DA:158,0
DA:159,0
DA:160,0
DA:161,0
DA:162,0
DA:163,0
DA:166,0
DA:167,0
DA:168,0
DA:169,0
DA:170,0
DA:171,0
DA:172,0
DA:173,0
DA:174,0
DA:175,0
DA:176,0
DA:179,0
DA:180,0
DA:182,0
DA:183,0
DA:185,0
DA:186,0
DA:187,0
DA:188,0
DA:189,0
DA:190,0
DA:191,0
DA:192,0
DA:193,0
DA:194,0
DA:195,0
DA:196,0
DA:197,0
DA:198,0
DA:199,0
DA:200,0
DA:201,0
DA:202,0
DA:203,0
DA:206,0
DA:208,0
DA:209,0
DA:211,0
DA:227,0
DA:228,0
DA:229,0
DA:230,0
DA:231,0
DA:232,0
DA:233,0
DA:234,0
DA:235,0
DA:236,0
DA:237,0
DA:238,0
DA:239,0
DA:240,0
DA:241,0
DA:242,0
DA:243,0
DA:244,0
DA:256,1
DA:264,0
DA:265,0
DA:266,0
DA:267,0
DA:268,0
DA:269,0
DA:272,0
DA:273,0
DA:274,0
DA:275,0
DA:276,0
DA:277,0
DA:287,1
DA:296,0
DA:298,0
DA:299,0
DA:300,0
DA:301,0
DA:302,0
DA:305,0
DA:306,0
DA:307,0
DA:308,0
DA:309,0
DA:315,5
DA:318,1
DA:319,1
DA:321,3
DA:322,5
DA:324,2
DA:333,0
DA:350,0
LF:155
LH:43
end_of_record
SF:lib/providers/document_providers.dart
DA:14,8
DA:15,4
DA:16,0
DA:20,0
DA:21,0
LF:5
LH:2
end_of_record
SF:lib/providers/service_providers.dart
DA:8,0
DA:9,0
DA:10,0
DA:11,0
DA:12,0
DA:13,0
DA:16,0
DA:20,0
DA:21,0
DA:24,6
DA:25,0
LF:11
LH:1
end_of_record
SF:lib/providers/policy_providers.dart
DA:7,0
DA:8,0
DA:11,3
DA:12,0
DA:18,3
DA:19,1
DA:22,1
DA:23,2
DA:26,1
DA:27,0
DA:28,0
DA:30,0
DA:33,1
DA:36,0
DA:37,0
DA:39,0
DA:44,0
DA:45,0
DA:47,0
DA:51,0
DA:52,0
DA:53,0
DA:56,0
DA:57,0
DA:60,0
DA:61,0
DA:63,0
DA:64,0
DA:66,0
DA:67,0
DA:70,0
DA:71,0
DA:72,0
DA:75,0
DA:78,0
DA:80,0
DA:81,0
DA:82,0
DA:84,0
DA:88,0
DA:91,0
DA:94,0
DA:97,0
DA:98,0
DA:99,0
DA:100,0
DA:101,0
DA:103,0
DA:105,0
DA:108,0
DA:109,0
DA:111,0
DA:112,0
DA:114,0
DA:115,0
DA:121,0
DA:122,0
DA:128,0
DA:129,0
DA:133,0
DA:136,0
DA:137,0
DA:143,0
DA:144,0
DA:145,0
DA:146,0
DA:147,0
DA:148,0
DA:149,0
DA:150,0
DA:152,0
DA:155,0
DA:158,0
DA:160,0
DA:162,0
DA:164,0
DA:166,0
DA:168,0
DA:170,0
DA:175,0
DA:176,0
DA:177,0
DA:181,0
DA:184,0
DA:185,0
DA:195,0
DA:196,0
DA:197,0
DA:204,0
DA:210,0
DA:214,0
DA:215,0
DA:216,0
DA:217,0
DA:218,0
DA:219,0
DA:220,0
DA:221,0
DA:222,0
DA:224,0
LF:100
LH:7
end_of_record
SF:lib/services/policy_extraction_service.dart
DA:19,1
DA:21,0
DA:23,0
DA:26,0
DA:27,0
DA:28,0
DA:29,0
DA:30,0
DA:34,0
DA:38,0
DA:41,0
DA:43,0
DA:44,0
DA:45,0
DA:46,0
DA:47,0
DA:48,0
DA:49,0
DA:50,0
DA:51,0
DA:52,0
DA:53,0
DA:54,0
DA:55,0
DA:57,0
DA:59,0
DA:60,0
DA:61,0
DA:62,0
DA:64,0
DA:65,0
DA:66,0
DA:67,0
DA:68,0
DA:69,0
DA:70,0
DA:71,0
DA:72,0
DA:73,0
DA:76,0
DA:79,0
DA:84,0
DA:86,0
DA:87,0
DA:89,0
DA:94,0
DA:96,0
DA:97,0
DA:98,0
DA:99,0
DA:102,0
DA:104,0
DA:105,0
DA:108,0
DA:109,0
DA:110,0
DA:113,0
DA:114,0
DA:115,0
DA:116,0
DA:117,0
DA:119,0
DA:120,0
DA:122,0
DA:123,0
DA:125,0
DA:126,0
DA:131,0
DA:132,0
DA:133,0
DA:134,0
DA:135,0
DA:136,0
DA:138,0
DA:139,0
DA:142,0
DA:143,0
DA:144,0
DA:145,0
DA:146,0
DA:147,0
DA:149,0
DA:150,0
DA:154,0
DA:155,0
DA:156,0
DA:157,0
DA:165,0
DA:166,0
DA:168,0
DA:169,0
DA:170,0
DA:171,0
DA:172,0
DA:175,0
DA:176,0
DA:177,0
DA:178,0
DA:179,0
DA:180,0
DA:183,0
DA:184,0
DA:185,0
DA:187,0
DA:188,0
DA:190,0
DA:191,0
DA:195,0
DA:196,0
DA:197,0
DA:198,0
DA:203,0
DA:204,0
DA:205,0
DA:206,0
DA:207,0
DA:210,0
DA:211,0
DA:213,0
DA:214,0
DA:216,0
DA:217,0
DA:224,0
DA:225,0
DA:232,0
DA:233,0
DA:240,0
DA:241,0
DA:242,0
DA:243,0
DA:245,0
DA:250,0
DA:251,0
DA:259,0
DA:260,0
DA:262,0
DA:267,0
DA:268,0
DA:270,0
DA:279,0
DA:280,0
DA:281,0
DA:283,0
DA:284,0
DA:285,0
DA:286,0
DA:289,0
DA:290,0
DA:295,0
DA:298,0
DA:300,0
DA:303,0
DA:315,0
DA:321,0
DA:336,0
DA:337,0
DA:338,0
DA:339,0
DA:342,0
DA:343,0
DA:347,0
DA:350,0
DA:352,0
DA:356,0
DA:361,0
DA:364,0
DA:375,0
DA:388,0
DA:389,0
DA:390,0
DA:393,0
DA:394,0
DA:399,0
DA:402,0
DA:412,0
DA:416,0
DA:422,0
DA:436,0
DA:439,0
DA:440,0
DA:445,0
DA:448,0
DA:450,0
DA:453,0
DA:456,0
LF:185
LH:1
end_of_record
SF:lib/services/document_service.dart
DA:24,2
DA:26,2
DA:27,2
DA:28,2
DA:29,2
DA:30,2
DA:33,6
DA:38,3
DA:42,0
DA:43,0
DA:44,0
DA:45,0
DA:47,0
DA:48,0
DA:50,0
DA:51,0
DA:53,0
DA:54,0
DA:55,0
DA:56,0
DA:58,0
DA:60,0
DA:62,0
DA:63,0
DA:64,0
DA:67,0
DA:68,0
DA:69,0
DA:72,0
DA:75,0
DA:82,0
DA:85,0
DA:86,0
DA:87,0
DA:88,0
DA:89,0
DA:90,0
DA:91,0
DA:92,0
DA:93,0
DA:96,0
DA:99,0
DA:100,0
DA:105,0
DA:106,0
DA:107,0
DA:108,0
DA:109,0
DA:113,0
DA:115,0
DA:117,0
DA:119,0
DA:120,0
DA:123,0
DA:128,0
DA:131,0
DA:133,0
DA:135,0
DA:137,0
DA:139,0
DA:140,0
DA:141,0
DA:142,0
DA:143,0
DA:145,0
DA:146,0
DA:147,0
DA:149,0
DA:151,0
DA:154,0
DA:155,0
DA:161,0
DA:163,0
DA:164,0
DA:165,0
DA:167,0
DA:169,0
DA:173,0
DA:174,0
DA:175,0
DA:177,0
DA:178,0
DA:179,0
DA:180,0
DA:186,0
DA:187,0
DA:194,0
DA:195,0
DA:197,0
DA:199,0
DA:202,0
DA:210,0
DA:212,0
DA:214,0
DA:216,0
DA:223,0
DA:224,0
DA:231,0
DA:236,0
DA:237,0
DA:242,0
DA:244,0
DA:246,0
DA:248,0
DA:250,0
DA:252,0
DA:254,0
DA:259,0
DA:260,0
DA:285,0
DA:286,0
DA:287,0
DA:290,0
DA:293,0
DA:299,0
DA:312,1
DA:316,1
DA:327,1
DA:332,2
DA:333,2
DA:334,1
DA:335,2
DA:336,3
DA:341,1
DA:344,2
DA:346,1
DA:347,1
DA:348,1
DA:349,1
DA:350,0
DA:351,0
DA:353,0
DA:356,1
DA:364,1
DA:367,1
DA:368,2
DA:369,2
DA:373,1
DA:375,2
DA:378,1
DA:379,1
DA:383,2
DA:384,2
DA:385,3
DA:388,2
DA:389,2
DA:392,4
DA:395,2
DA:396,2
DA:397,0
DA:398,1
DA:400,3
DA:401,2
DA:402,0
DA:403,1
DA:405,3
DA:406,1
DA:407,2
DA:408,1
DA:409,2
DA:411,2
DA:414,0
DA:415,0
DA:416,0
DA:417,0
DA:418,0
DA:421,0
DA:422,0
DA:423,0
DA:424,0
DA:425,0
DA:426,0
DA:435,1
DA:436,1
DA:437,1
DA:438,1
DA:439,3
DA:444,0
DA:445,0
DA:446,0
DA:447,0
DA:448,0
DA:451,0
DA:461,0
DA:464,0
DA:465,0
DA:466,0
DA:467,0
DA:468,0
DA:469,0
DA:470,0
DA:471,0
DA:472,0
DA:475,0
DA:478,0
DA:479,0
DA:484,0
DA:485,0
DA:486,0
DA:487,0
DA:488,0
DA:492,0
DA:494,0
DA:495,0
DA:497,0
DA:498,0
DA:501,0
DA:506,0
DA:510,0
DA:512,0
DA:513,0
DA:515,0
DA:517,0
DA:518,0
DA:519,0
DA:520,0
DA:521,0
DA:523,0
DA:524,0
DA:525,0
DA:527,0
DA:529,0
DA:532,0
DA:533,0
DA:539,0
DA:541,0
DA:542,0
DA:543,0
DA:545,0
DA:547,0
DA:551,0
DA:552,0
DA:559,0
DA:560,0
DA:561,0
DA:563,0
DA:566,0
DA:574,0
DA:576,0
DA:578,0
DA:580,0
DA:587,0
DA:588,0
DA:595,1
DA:597,2
DA:598,1
DA:600,0
DA:604,0
DA:607,1
DA:609,2
DA:614,1
DA:618,0
DA:630,1
DA:631,1
DA:634,2
DA:636,1
DA:638,4
DA:639,0
DA:642,2
DA:643,1
DA:644,1
DA:645,1
DA:647,2
DA:648,1
DA:649,1
DA:650,2
DA:651,1
DA:652,1
DA:653,1
DA:654,2
DA:656,2
DA:657,2
DA:658,0
DA:659,1
DA:662,2
DA:664,3
DA:665,1
DA:666,2
DA:669,3
DA:672,3
DA:673,3
DA:676,2
DA:677,2
DA:679,2
DA:682,0
DA:684,0
DA:686,0
DA:688,0
DA:691,0
DA:696,0
DA:701,0
DA:703,0
DA:704,0
DA:706,0
DA:709,0
DA:711,0
DA:712,0
DA:714,0
DA:718,0
DA:719,0
DA:720,0
DA:724,0
DA:729,0
DA:731,0
DA:732,0
DA:734,0
DA:737,0
DA:739,0
DA:740,0
DA:742,0
DA:746,0
DA:747,0
DA:748,0
DA:752,0
DA:757,0
DA:758,0
DA:759,0
DA:760,0
DA:761,0
DA:762,0
DA:763,0
DA:764,0
DA:765,0
DA:766,0
DA:767,0
DA:768,0
DA:769,0
DA:772,0
DA:773,0
DA:774,0
DA:775,0
DA:776,0
DA:777,0
DA:780,0
DA:781,0
DA:782,0
DA:783,0
DA:784,0
DA:787,0
DA:788,0
DA:789,0
DA:790,0
DA:791,0
DA:794,0
DA:797,0
DA:803,0
DA:805,0
DA:806,0
DA:808,0
DA:811,0
DA:813,0
DA:814,0
DA:816,0
DA:820,0
DA:821,0
DA:822,0
DA:824,0
DA:825,0
DA:826,0
DA:829,0
DA:831,0
DA:832,0
DA:833,0
DA:834,0
DA:835,0
DA:836,0
DA:837,0
DA:838,0
DA:839,0
DA:840,0
DA:841,0
DA:842,0
DA:843,0
DA:844,0
DA:847,0
DA:851,0
DA:853,0
DA:854,0
DA:858,0
DA:859,0
DA:860,0
DA:861,0
DA:862,0
DA:863,0
DA:865,0
DA:866,0
DA:868,0
DA:870,0
DA:873,0
DA:880,1
DA:882,2
DA:900,2
DA:901,2
DA:902,1
DA:903,0
DA:906,2
DA:909,0
DA:913,4
DA:917,2
DA:919,2
DA:921,2
DA:922,1
DA:927,1
DA:930,0
DA:932,0
DA:934,0
DA:942,2
DA:944,2
DA:948,3
DA:958,0
DA:968,0
DA:970,0
DA:978,0
DA:981,0
DA:988,0
DA:993,0
DA:995,0
DA:997,0
DA:998,0
DA:1001,0
DA:1002,0
DA:1009,0
DA:1010,0
DA:1011,0
DA:1014,0
DA:1016,0
DA:1019,0
DA:1028,0
DA:1030,0
DA:1031,0
DA:1034,0
DA:1043,0
DA:1046,0
DA:1055,0
DA:1061,0
DA:1066,0
DA:1067,0
DA:1070,0
DA:1071,0
DA:1072,0
DA:1076,0
DA:1090,0
DA:1092,0
DA:1093,0
DA:1094,0
DA:1095,0
DA:1096,0
DA:1097,0
DA:1100,0
DA:1101,0
DA:1104,0
DA:1107,0
DA:1108,0
DA:1109,0
DA:1113,0
DA:1118,0
DA:1119,0
DA:1122,0
DA:1124,0
DA:1125,0
DA:1127,0
DA:1128,0
DA:1129,0
DA:1131,0
DA:1132,0
DA:1133,0
DA:1134,0
DA:1135,0
DA:1136,0
DA:1138,0
DA:1139,0
DA:1140,0
DA:1141,0
DA:1142,0
DA:1143,0
DA:1144,0
DA:1145,0
DA:1146,0
DA:1148,0
DA:1151,0
DA:1153,0
LF:481
LH:105
end_of_record
SF:lib/services/query_service.dart
DA:15,6
DA:17,0
DA:19,0
DA:21,0
DA:24,0
DA:25,0
DA:28,0
DA:31,0
DA:34,0
DA:38,0
DA:40,0
DA:42,0
DA:43,0
DA:47,0
DA:51,0
DA:53,0
DA:55,0
DA:58,0
DA:63,0
DA:65,0
DA:71,0
DA:74,0
DA:76,0
DA:79,0
DA:80,0
DA:82,0
DA:87,0
DA:88,0
DA:90,0
DA:91,0
DA:95,0
DA:96,0
DA:97,0
DA:98,0
DA:99,0
DA:100,0
DA:101,0
DA:102,0
DA:103,0
DA:104,0
DA:105,0
DA:108,0
DA:111,0
DA:112,0
DA:113,0
DA:116,0
DA:118,0
DA:119,0
DA:120,0
DA:121,0
DA:123,0
DA:124,0
DA:128,0
DA:131,0
DA:132,0
DA:138,0
DA:140,0
DA:143,0
DA:145,0
DA:150,0
DA:152,0
DA:155,0
DA:160,0
DA:162,0
DA:165,0
DA:166,0
DA:168,0
DA:170,0
DA:173,0
DA:177,0
DA:178,0
DA:179,0
DA:180,0
DA:181,0
DA:182,0
DA:183,0
DA:184,0
DA:185,0
DA:189,0
DA:192,0
DA:193,0
DA:194,0
DA:195,0
DA:196,0
DA:197,0
DA:198,0
DA:199,0
DA:204,0
DA:206,0
DA:207,0
DA:208,0
DA:209,0
DA:211,0
DA:212,0
DA:214,0
DA:216,0
DA:219,0
DA:223,0
DA:224,0
DA:225,0
DA:226,0
DA:227,0
DA:228,0
DA:229,0
DA:230,0
DA:231,0
DA:235,0
DA:238,0
DA:239,0
DA:240,0
DA:241,0
DA:242,0
DA:243,0
DA:244,0
DA:245,0
DA:249,0
DA:253,0
DA:254,0
DA:255,0
DA:256,0
DA:258,0
DA:259,0
DA:260,0
DA:261,0
DA:263,0
DA:264,0
DA:267,0
DA:269,0
DA:270,0
DA:271,0
DA:277,0
DA:282,0
DA:283,0
DA:284,0
DA:285,0
DA:287,0
DA:288,0
DA:289,0
DA:290,0
DA:291,0
DA:295,0
DA:297,0
DA:298,0
DA:300,0
DA:301,0
DA:305,0
DA:306,0
DA:308,0
DA:311,0
DA:312,0
LF:150
LH:1
end_of_record
SF:lib/services/auth_service.dart
DA:26,0
DA:31,0
DA:32,0
DA:33,0
DA:40,0
DA:42,3
DA:43,3
DA:45,0
DA:50,0
DA:51,0
DA:53,1
DA:54,1
DA:55,0
DA:57,1
DA:60,0
DA:61,0
DA:62,0
DA:68,0
DA:70,0
DA:71,0
DA:73,0
DA:79,0
DA:80,0
DA:87,0
DA:89,0
DA:90,0
DA:94,0
DA:98,0
DA:99,0
DA:102,0
DA:103,0
DA:104,0
DA:105,0
DA:110,0
DA:111,0
DA:113,0
DA:114,0
DA:115,0
DA:116,0
DA:118,0
DA:121,0
DA:123,0
DA:124,0
DA:134,0
DA:135,0
DA:138,0
DA:144,0
DA:146,0
DA:153,0
DA:154,0
DA:161,0
DA:162,0
DA:163,0
DA:169,0
DA:170,0
DA:171,0
DA:186,0
DA:187,0
DA:188,0
DA:191,0
DA:192,0
DA:196,0
DA:197,0
DA:203,0
DA:204,0
DA:206,0
DA:208,0
DA:209,0
DA:210,0
DA:211,0
DA:212,0
DA:213,0
DA:214,0
DA:216,0
DA:223,0
DA:230,0
DA:231,0
DA:232,0
DA:234,0
DA:235,0
DA:239,0
DA:240,0
DA:241,0
DA:242,0
DA:248,1
DA:249,1
DA:250,0
DA:252,0
DA:253,0
DA:255,0
DA:257,0
DA:259,0
DA:260,0
DA:268,0
DA:269,0
DA:277,0
DA:279,0
DA:280,0
DA:281,0
DA:282,0
DA:283,0
DA:285,0
DA:287,0
DA:293,0
DA:298,0
DA:307,0
DA:309,0
DA:310,0
DA:314,0
DA:315,0
DA:317,0
DA:321,0
DA:325,0
DA:326,0
DA:327,0
DA:329,0
DA:330,0
DA:361,0
DA:372,0
DA:376,0
DA:387,1
DA:396,1
DA:397,1
DA:398,2
DA:399,1
DA:400,1
DA:401,1
DA:402,2
DA:403,2
DA:404,2
DA:405,2
DA:409,1
DA:410,6
DA:416,2
DA:418,1
DA:421,2
DA:422,0
DA:425,1
DA:427,0
DA:429,0
DA:432,0
DA:434,0
DA:435,0
DA:437,0
DA:439,0
DA:440,0
DA:445,0
DA:448,0
DA:449,0
DA:451,0
DA:452,0
DA:455,0
DA:460,0
LF:153
LH:24
end_of_record
SF:lib/screens/claim_assistance_screen.dart
DA:27,0
DA:48,0
DA:50,0
DA:51,0
DA:52,0
DA:54,0
DA:55,0
DA:58,0
DA:60,0
DA:67,0
DA:69,0
DA:71,0
DA:72,0
DA:77,0
DA:79,0
DA:83,0
DA:84,0
DA:89,0
DA:90,0
DA:91,0
DA:94,0
DA:98,0
DA:100,0
DA:101,0
DA:103,0
DA:104,0
DA:109,0
DA:112,0
DA:113,0
DA:117,0
DA:118,0
DA:119,0
DA:126,0
DA:127,0
DA:128,0
DA:131,0
DA:132,0
DA:133,0
DA:147,0
DA:151,0
DA:152,0
DA:162,0
DA:167,0
DA:169,0
DA:170,0
DA:171,0
DA:174,0
DA:175,0
DA:176,0
DA:178,0
DA:180,0
DA:182,0
DA:183,0
DA:185,0
DA:186,0
DA:190,0
DA:191,0
DA:192,0
DA:193,0
DA:198,0
DA:202,0
DA:203,0
DA:204,0
DA:206,0
DA:208,0
DA:209,0
DA:212,0
DA:215,0
DA:216,0
DA:217,0
DA:218,0
DA:235,0
DA:237,0
DA:239,0
DA:240,0
DA:241,0
DA:244,0
DA:245,0
DA:246,0
DA:248,0
DA:250,0
DA:252,0
DA:253,0
DA:255,0
DA:256,0
DA:261,0
DA:262,0
DA:264,0
DA:266,0
DA:267,0
DA:268,0
DA:269,0
DA:270,0
DA:274,0
DA:275,0
DA:277,0
DA:278,0
DA:286,0
DA:287,0
DA:288,0
DA:289,0
DA:345,0
DA:350,0
DA:351,0
DA:353,0
DA:361,0
DA:362,0
DA:365,0
DA:367,0
DA:368,0
DA:382,44
DA:384,0
DA:386,0
DA:387,0
DA:388,0
DA:391,0
DA:392,0
DA:393,0
DA:394,0
DA:396,0
DA:398,0
DA:399,0
DA:402,0
DA:405,0
DA:406,0
DA:410,0
DA:411,0
DA:425,44
DA:427,0
DA:429,0
DA:430,0
DA:431,0
DA:434,0
DA:435,0
DA:436,0
DA:438,0
DA:440,0
DA:442,0
DA:443,0
DA:444,0
DA:445,0
DA:448,0
DA:451,0
DA:453,0
DA:454,0
DA:461,0
DA:466,0
DA:467,0
DA:471,0
DA:472,0
DA:482,0
DA:483,0
DA:485,0
DA:487,0
DA:488,0
LF:155
LH:2
end_of_record
SF:lib/widgets/not_yet_extracted_section.dart
DA:35,2
DA:45,2
DA:47,2
DA:48,2
DA:50,4
DA:56,2
DA:59,2
DA:60,2
DA:61,4
DA:63,2
DA:65,2
DA:67,2
DA:68,2
DA:69,2
DA:70,2
DA:73,2
DA:76,2
DA:77,2
DA:78,2
DA:79,6
DA:80,2
DA:88,2
DA:90,2
DA:91,2
DA:92,6
DA:93,2
DA:98,2
DA:99,2
DA:101,2
DA:103,2
DA:104,2
DA:107,2
DA:110,2
DA:111,2
DA:113,6
DA:114,2
LF:36
LH:36
end_of_record
SF:lib/widgets/shared/coverwise_snackbar.dart
DA:21,0
DA:26,2
DA:27,1
DA:34,1
DA:42,1
DA:43,1
DA:46,3
DA:47,3
DA:56,3
DA:58,3
DA:69,3
DA:70,3
DA:73,9
DA:74,9
DA:81,2
DA:83,2
DA:96,1
DA:97,2
DA:98,1
DA:101,4
DA:111,4
DA:113,4
DA:115,4
DA:116,4
DA:120,8
DA:123,4
DA:124,4
DA:125,4
DA:127,4
DA:128,4
DA:130,4
DA:139,1
DA:164,1
DA:166,1
DA:169,1
DA:171,1
DA:174,1
DA:176,1
DA:179,1
DA:180,3
DA:184,0
DA:186,0
LF:42
LH:39
end_of_record
SF:lib/screens/coverage_gap_screen.dart
DA:24,1
DA:47,1
DA:49,1
DA:50,1
DA:51,2
DA:52,2
DA:54,1
DA:55,1
DA:58,1
DA:60,1
DA:61,1
DA:63,1
DA:65,3
DA:66,1
DA:71,1
DA:73,1
DA:75,3
DA:76,1
DA:81,1
DA:83,2
DA:84,1
DA:85,1
DA:86,1
DA:89,1
DA:91,2
DA:92,1
DA:93,1
DA:94,1
DA:102,1
DA:106,1
DA:109,3
DA:110,1
DA:114,1
DA:115,1
DA:121,1
DA:125,2
DA:126,2
DA:139,1
DA:147,1
DA:149,1
DA:150,1
DA:151,2
DA:153,1
DA:156,1
DA:157,1
DA:158,2
DA:160,1
DA:162,1
DA:164,1
DA:165,1
DA:166,1
DA:167,3
DA:168,1
DA:172,1
DA:173,1
DA:174,3
DA:175,1
DA:179,0
DA:181,0
DA:182,0
DA:183,0
DA:186,0
DA:189,0
DA:191,0
DA:192,0
DA:198,1
DA:199,1
DA:203,1
DA:204,1
DA:205,1
DA:207,1
DA:209,1
DA:210,1
DA:213,1
DA:216,1
DA:217,1
DA:218,3
DA:219,1
LF:78
LH:70
end_of_record
SF:lib/screens/document_preview_screen.dart
DA:21,2
DA:29,1
DA:30,1
DA:41,0
DA:43,1
DA:45,1
DA:46,1
DA:49,1
DA:51,1
DA:52,1
DA:55,1
DA:56,3
DA:57,1
DA:58,0
DA:59,0
DA:60,0
DA:65,0
DA:69,0
DA:70,0
DA:73,0
DA:74,0
DA:75,0
DA:76,0
DA:77,0
DA:79,0
DA:81,0
DA:82,0
DA:83,0
DA:84,0
DA:89,0
DA:90,0
DA:91,0
DA:96,0
DA:97,0
DA:98,0
DA:99,0
DA:102,1
DA:104,1
DA:105,1
DA:106,3
DA:107,1
DA:108,1
DA:109,0
DA:111,0
DA:112,0
DA:113,0
DA:119,2
DA:120,1
DA:123,0
DA:124,0
DA:127,0
DA:133,1
DA:135,0
DA:136,0
DA:137,0
DA:138,0
DA:139,0
DA:141,1
DA:142,0
DA:147,0
DA:148,0
DA:149,0
DA:151,0
DA:152,0
DA:154,0
DA:156,0
DA:158,0
DA:160,0
DA:168,0
DA:169,0
DA:170,0
DA:171,0
DA:174,0
DA:177,0
DA:186,0
DA:187,0
DA:189,0
DA:194,0
DA:195,0
DA:196,0
DA:198,0
DA:199,0
DA:200,0
DA:201,0
DA:204,0
DA:206,0
DA:207,0
DA:210,0
DA:212,0
DA:216,0
DA:218,0
DA:221,0
DA:223,0
DA:224,0
DA:225,0
DA:226,0
DA:229,0
DA:230,0
DA:231,0
DA:233,0
DA:234,0
DA:235,0
DA:237,0
DA:243,0
DA:246,0
DA:247,0
DA:250,0
DA:253,0
DA:254,0
DA:263,0
DA:264,0
DA:267,0
DA:268,0
DA:269,0
DA:270,0
DA:271,0
DA:273,0
DA:277,0
DA:278,0
DA:279,0
DA:280,0
DA:282,0
DA:285,0
DA:286,0
DA:290,0
DA:292,0
DA:293,0
DA:294,0
DA:297,0
DA:298,0
LF:130
LH:22
end_of_record
SF:lib/widgets/shared/error_widget.dart
DA:16,45
DA:23,1
DA:25,1
DA:28,3
DA:29,1
DA:30,1
DA:32,1
DA:33,1
DA:35,1
DA:37,1
DA:38,1
DA:39,1
DA:44,1
DA:45,1
DA:47,4
DA:48,3
DA:52,2
DA:54,1
DA:56,1
DA:73,0
DA:75,0
DA:77,0
DA:78,0
DA:81,0
DA:82,0
DA:83,0
DA:85,0
DA:86,0
DA:88,0
DA:89,0
DA:96,0
DA:97,0
DA:98,0
DA:99,0
DA:100,0
DA:105,0
DA:106,0
DA:108,0
LF:38
LH:19
end_of_record
SF:lib/widgets/shared/loading_widget.dart
DA:7,55
DA:9,2
DA:11,2
DA:12,2
DA:17,2
DA:18,2
DA:20,2
DA:21,2
DA:22,2
DA:23,2
DA:24,2
DA:29,3
DA:31,1
DA:32,1
DA:34,4
DA:35,3
DA:49,0
DA:51,0
DA:53,0
DA:54,0
DA:59,0
DA:60,0
DA:62,0
DA:63,0
DA:64,0
DA:67,0
DA:73,0
DA:74,0
DA:75,0
DA:76,0
DA:77,0
LF:31
LH:16
end_of_record
SF:lib/screens/policy_detail_screen.dart
DA:25,1
DA:30,1
DA:31,0
DA:44,1
DA:46,1
DA:47,1
DA:54,1
DA:56,1
DA:57,1
DA:60,1
DA:61,4
DA:62,0
DA:63,0
DA:64,0
DA:75,1
DA:76,3
DA:78,2
DA:79,4
DA:80,0
DA:81,1
DA:82,3
DA:85,0
DA:87,0
DA:88,0
DA:89,0
DA:90,0
DA:91,0
DA:97,0
DA:98,0
DA:99,0
DA:104,0
DA:107,0
DA:108,0
DA:109,0
DA:112,0
DA:113,0
DA:115,0
DA:116,0
DA:119,0
DA:120,0
DA:123,0
DA:124,0
DA:125,0
DA:126,0
DA:131,1
DA:133,3
DA:137,3
DA:138,2
DA:140,4
DA:141,1
DA:144,1
DA:145,1
DA:146,1
DA:153,0
DA:167,1
DA:168,0
DA:171,0
DA:176,2
DA:178,1
DA:179,1
DA:181,1
DA:182,1
DA:185,0
DA:187,1
DA:190,0
DA:191,0
DA:193,1
DA:196,0
DA:200,1
DA:202,1
DA:203,1
DA:204,1
DA:205,1
DA:207,2
DA:209,2
DA:210,0
DA:212,0
DA:214,0
DA:215,0
DA:216,0
DA:218,0
DA:220,0
DA:221,0
DA:224,0
DA:227,0
DA:228,0
DA:230,0
DA:231,0
DA:232,0
DA:246,1
DA:251,1
DA:253,0
DA:259,0
DA:261,0
DA:263,0
DA:266,1
DA:269,1
DA:270,1
DA:271,1
DA:273,1
DA:274,1
DA:276,1
DA:277,1
DA:278,1
DA:280,1
DA:281,1
DA:283,1
DA:284,1
DA:285,1
DA:287,1
DA:288,3
DA:290,1
DA:291,2
DA:294,3
DA:295,1
DA:297,3
DA:301,3
DA:303,1
DA:304,2
DA:307,3
DA:308,1
DA:310,3
DA:314,3
DA:316,1
DA:317,2
DA:320,3
DA:321,1
DA:323,3
DA:327,3
DA:329,2
DA:331,1
DA:332,1
DA:333,1
DA:335,1
DA:337,1
DA:338,1
DA:341,3
DA:344,1
DA:345,2
DA:346,2
DA:348,4
DA:349,3
DA:362,5
DA:375,0
DA:376,0
DA:377,0
DA:378,0
DA:379,0
DA:387,0
DA:388,0
DA:390,0
DA:393,0
DA:394,0
DA:401,0
DA:402,0
DA:403,0
DA:410,0
DA:412,0
DA:413,0
DA:414,0
DA:415,0
DA:416,0
DA:431,1
DA:439,1
DA:441,1
DA:443,1
DA:445,1
DA:447,1
DA:448,1
DA:450,1
DA:451,1
DA:452,2
DA:453,1
DA:454,1
DA:455,2
DA:460,1
DA:461,1
DA:463,1
DA:464,1
DA:465,2
DA:466,4
DA:470,3
DA:472,1
DA:474,4
DA:475,2
DA:476,2
DA:477,0
DA:478,0
DA:486,2
DA:489,3
DA:491,1
DA:495,1
DA:496,3
DA:497,1
DA:499,1
DA:501,4
DA:502,2
DA:503,2
DA:504,0
DA:505,0
DA:519,1
DA:521,1
DA:525,2
DA:526,2
DA:528,0
DA:529,2
DA:530,0
DA:531,0
DA:532,2
DA:534,1
DA:537,0
DA:540,1
DA:541,2
DA:543,2
DA:545,2
DA:561,1
DA:568,1
DA:570,2
DA:571,4
DA:572,4
DA:574,1
DA:575,2
DA:576,1
DA:581,1
DA:583,2
DA:584,2
DA:585,1
DA:586,1
DA:588,4
DA:589,1
DA:593,1
DA:595,2
DA:596,2
DA:597,1
DA:598,1
DA:600,2
DA:601,1
DA:603,4
DA:605,1
DA:609,1
DA:611,1
DA:613,1
DA:615,1
DA:616,1
DA:617,2
DA:618,1
DA:619,4
DA:620,1
DA:625,1
DA:626,2
DA:627,1
DA:628,3
DA:629,3
DA:630,1
DA:632,1
DA:634,2
DA:635,1
DA:636,1
DA:641,1
DA:642,1
DA:643,1
DA:644,1
DA:645,1
DA:649,2
DA:650,1
DA:651,1
DA:652,1
DA:653,1
DA:654,1
DA:655,1
DA:656,0
DA:657,1
DA:658,0
DA:660,3
DA:662,1
DA:664,1
DA:665,1
DA:666,1
DA:667,1
DA:668,1
DA:669,1
DA:673,1
DA:674,1
DA:675,1
DA:676,1
DA:677,1
DA:678,1
DA:679,1
DA:680,1
DA:681,1
DA:682,1
DA:692,1
DA:713,1
DA:733,1
DA:740,1
DA:742,2
DA:749,4
DA:750,4
DA:752,1
DA:754,1
DA:756,1
DA:757,1
DA:758,1
DA:763,1
DA:764,1
DA:766,1
DA:767,2
DA:768,1
DA:771,2
DA:772,2
DA:773,0
DA:774,2
DA:775,0
DA:779,3
DA:781,1
DA:784,2
DA:785,2
DA:786,0
DA:787,2
DA:788,0
DA:793,3
DA:795,1
DA:796,1
DA:797,2
DA:798,1
DA:799,3
DA:800,1
DA:803,2
DA:804,0
DA:805,1
DA:829,1
DA:838,1
DA:840,1
DA:842,1
DA:844,1
DA:846,1
DA:847,1
DA:848,1
DA:849,1
DA:850,1
DA:851,1
DA:855,1
DA:856,1
DA:857,1
DA:858,4
DA:866,4
DA:868,1
DA:870,1
DA:871,1
DA:875,1
DA:876,2
DA:877,1
DA:879,3
DA:882,1
DA:883,1
DA:885,1
DA:886,1
DA:887,1
DA:888,1
DA:903,1
DA:905,1
DA:907,1
DA:909,1
DA:911,1
DA:913,1
DA:914,1
DA:915,1
DA:922,1
DA:924,4
DA:931,4
DA:933,1
DA:934,2
DA:936,1
DA:937,1
DA:938,1
DA:940,1
DA:941,3
DA:942,3
DA:945,1
DA:946,1
DA:948,1
DA:949,1
DA:950,1
DA:951,1
DA:952,1
DA:953,1
DA:954,1
DA:956,1
DA:957,1
DA:958,1
DA:959,1
DA:960,1
DA:961,1
DA:962,1
DA:963,1
DA:964,1
DA:965,1
DA:968,2
DA:969,1
DA:970,3
DA:971,1
DA:972,1
DA:973,1
DA:974,1
DA:975,1
DA:976,1
DA:977,1
DA:980,1
DA:981,0
DA:982,0
DA:983,0
DA:984,0
DA:985,0
DA:986,0
DA:987,0
DA:988,0
DA:989,0
DA:1013,1
DA:1015,1
DA:1017,1
DA:1018,1
DA:1020,1
DA:1022,1
DA:1023,1
DA:1026,0
DA:1029,0
DA:1033,1
DA:1036,0
DA:1038,2
DA:1039,2
DA:1041,0
DA:1042,0
DA:1043,0
DA:1044,0
DA:1045,0
DA:1046,0
DA:1049,0
DA:1050,0
DA:1053,0
DA:1054,0
DA:1057,0
DA:1058,0
DA:1062,0
DA:1065,0
DA:1067,0
DA:1068,0
DA:1070,0
DA:1073,0
DA:1075,0
DA:1076,0
DA:1077,0
DA:1078,0
DA:1080,0
DA:1091,0
DA:1092,0
DA:1093,0
DA:1094,0
DA:1101,2
DA:1102,2
DA:1103,6
DA:1104,8
DA:1105,2
DA:1106,6
DA:1108,2
DA:1109,2
DA:1110,6
DA:1112,2
DA:1113,6
DA:1115,2
DA:1116,8
DA:1118,2
DA:1119,2
DA:1120,6
DA:1122,2
DA:1123,6
DA:1125,3
DA:1126,6
DA:1128,4
DA:1129,2
DA:1130,2
DA:1131,4
DA:1132,4
DA:1135,4
DA:1136,2
DA:1137,2
DA:1138,4
DA:1139,4
DA:1142,2
DA:1143,2
DA:1144,2
DA:1147,0
DA:1148,0
DA:1158,0
DA:1168,0
DA:1169,0
DA:1170,0
DA:1171,0
DA:1173,0
DA:1174,0
DA:1179,0
DA:1181,0
DA:1184,0
DA:1186,0
DA:1189,0
DA:1191,0
DA:1194,0
DA:1199,0
DA:1202,0
DA:1203,0
DA:1204,0
DA:1207,0
DA:1208,0
DA:1211,0
DA:1214,0
DA:1215,0
DA:1230,1
DA:1235,1
DA:1236,1
DA:1243,1
DA:1245,1
DA:1246,5
DA:1249,1
DA:1251,1
DA:1252,1
DA:1253,1
DA:1254,2
DA:1257,0
DA:1258,0
DA:1264,0
DA:1266,0
DA:1287,1
DA:1289,1
DA:1291,1
DA:1292,1
DA:1293,1
DA:1295,1
DA:1296,1
DA:1297,1
DA:1298,1
DA:1299,0
DA:1302,1
DA:1303,1
DA:1304,2
DA:1310,1
DA:1311,1
DA:1312,0
DA:1315,1
DA:1316,1
DA:1317,2
DA:1327,0
DA:1328,0
DA:1329,0
DA:1330,0
DA:1332,0
DA:1334,0
DA:1335,0
DA:1336,0
DA:1343,0
DA:1344,0
DA:1345,0
DA:1346,0
DA:1348,0
DA:1350,0
DA:1351,0
DA:1352,0
LF:565
LH:392
end_of_record
SF:lib/services/evidence_service.dart
DA:30,2
DA:39,1
DA:41,2
DA:42,1
DA:44,0
DA:45,0
DA:46,0
DA:47,0
DA:49,0
DA:50,0
DA:54,0
DA:55,0
DA:56,0
DA:59,0
DA:62,0
DA:65,0
DA:68,0
DA:71,0
LF:18
LH:4
end_of_record
SF:lib/theme/coverwise_theme.dart
DA:15,2
DA:16,2
DA:18,1
DA:19,1
DA:20,1
DA:27,1
DA:33,1
DA:41,1
DA:45,1
DA:48,1
DA:49,1
DA:51,1
DA:52,1
DA:57,1
DA:62,1
DA:64,1
DA:66,0
DA:71,1
DA:73,1
DA:74,1
DA:75,1
DA:76,1
DA:78,1
DA:83,1
DA:85,1
DA:90,1
DA:92,1
DA:95,1
DA:96,1
DA:99,1
DA:100,1
DA:101,1
DA:103,1
DA:108,1
DA:109,1
DA:111,1
DA:114,2
DA:118,1
DA:119,1
DA:120,2
LF:40
LH:39
end_of_record
SF:lib/utils/policy_type.dart
DA:28,3
DA:29,6
DA:33,9
DA:36,3
DA:37,3
DA:38,3
DA:39,3
DA:40,3
DA:41,3
DA:42,3
DA:43,3
DA:44,3
DA:49,3
DA:50,2
DA:51,2
DA:52,2
DA:53,2
DA:54,2
DA:55,2
DA:56,2
DA:61,2
DA:62,2
DA:63,2
DA:64,2
DA:65,2
DA:66,2
DA:71,2
DA:72,2
DA:73,2
DA:74,2
DA:75,2
DA:80,2
DA:88,2
DA:90,2
DA:92,2
DA:94,1
DA:96,1
DA:98,1
DA:100,1
DA:106,2
DA:108,2
DA:110,1
DA:112,0
DA:114,0
DA:116,0
DA:118,0
DA:124,2
DA:128,2
DA:130,2
DA:132,1
DA:134,0
DA:136,0
DA:138,0
DA:140,0
DA:147,0
DA:148,0
DA:150,0
DA:151,0
LF:58
LH:46
end_of_record
SF:lib/widgets/field_citations_card.dart
DA:24,2
DA:30,1
DA:32,2
DA:39,1
DA:40,1
DA:42,1
DA:45,1
DA:46,1
DA:47,2
DA:49,1
DA:51,1
DA:53,1
DA:54,1
DA:55,1
DA:56,1
DA:59,1
DA:62,1
DA:64,3
DA:65,1
DA:72,1
DA:74,1
DA:76,3
DA:77,1
DA:82,1
DA:83,1
DA:85,1
DA:98,1
DA:103,1
DA:105,1
DA:106,1
DA:107,3
DA:109,1
DA:110,1
DA:112,5
DA:113,1
DA:114,1
DA:116,1
DA:117,1
DA:118,1
DA:120,1
DA:122,1
DA:123,1
DA:124,2
DA:125,3
DA:126,1
DA:130,1
DA:131,3
DA:132,3
DA:133,1
DA:137,1
DA:139,1
DA:140,1
DA:141,1
DA:144,1
DA:147,1
DA:149,3
DA:150,1
DA:160,1
DA:165,1
DA:166,1
DA:167,1
DA:169,1
DA:171,1
DA:172,1
DA:175,1
DA:178,1
DA:179,2
DA:180,3
DA:181,1
LF:69
LH:69
end_of_record
SF:lib/widgets/shared/coverwise_components.dart
DA:4,8
DA:5,24
DA:6,8
DA:7,1
DA:8,1
DA:10,8
DA:11,1
DA:21,3
DA:28,3
DA:30,3
DA:31,3
DA:33,3
DA:35,3
DA:36,3
DA:37,3
DA:39,3
DA:40,3
DA:41,3
DA:42,9
DA:44,3
DA:47,6
DA:49,3
DA:50,3
DA:51,9
DA:52,6
DA:60,5
DA:62,2
DA:74,46
DA:76,3
DA:78,3
DA:79,6
DA:80,12
DA:81,9
DA:86,3
DA:87,6
DA:89,3
DA:91,3
DA:92,3
DA:93,3
DA:94,3
DA:96,0
DA:97,5
DA:110,112
DA:117,8
DA:119,16
DA:120,8
DA:121,8
DA:122,8
DA:123,8
DA:124,8
DA:125,24
DA:127,32
DA:140,1
DA:150,1
DA:152,1
DA:153,1
DA:154,1
DA:155,3
DA:157,1
DA:158,1
DA:159,1
DA:160,1
DA:162,1
DA:163,1
DA:164,3
DA:166,1
DA:167,1
DA:169,1
DA:170,1
DA:171,1
DA:172,3
DA:177,1
DA:178,1
DA:179,3
DA:180,2
DA:188,1
DA:189,1
DA:191,2
DA:204,7
DA:210,7
DA:212,7
DA:213,7
DA:214,7
DA:215,7
DA:216,14
DA:217,7
DA:218,7
DA:219,14
DA:220,0
DA:225,7
DA:237,3
DA:245,3
DA:247,6
DA:248,3
DA:249,6
DA:251,3
DA:252,3
DA:253,3
DA:254,3
DA:256,3
DA:257,3
DA:258,3
DA:259,6
DA:261,3
DA:263,3
DA:264,9
DA:266,3
DA:267,3
DA:269,12
DA:290,0
DA:300,0
DA:302,0
DA:303,0
DA:305,0
DA:307,0
DA:308,0
DA:309,0
DA:311,0
DA:314,0
DA:315,0
DA:317,0
DA:318,0
DA:319,0
DA:320,0
DA:321,0
DA:325,0
DA:326,0
DA:327,0
DA:328,0
DA:334,0
DA:335,0
DA:336,0
DA:344,0
DA:346,0
DA:362,2
DA:371,2
DA:373,2
DA:374,4
DA:375,2
DA:377,2
DA:378,2
DA:379,2
DA:380,4
DA:382,2
DA:384,2
DA:385,4
DA:387,2
DA:388,2
DA:390,2
DA:391,2
DA:392,2
DA:393,6
DA:398,2
DA:399,2
DA:400,6
DA:401,4
DA:405,2
DA:407,0
DA:423,1
DA:425,1
DA:427,1
DA:428,1
DA:430,1
DA:431,2
DA:432,1
DA:434,1
DA:436,1
DA:439,2
DA:456,0
DA:467,0
DA:469,0
DA:470,0
DA:471,0
DA:472,0
DA:473,0
DA:474,0
DA:475,0
DA:476,0
DA:477,0
DA:478,0
DA:479,0
DA:480,0
DA:481,0
DA:482,0
DA:483,0
DA:484,0
DA:486,0
DA:490,0
DA:491,0
DA:492,0
DA:494,0
DA:495,0
DA:496,0
DA:498,0
DA:499,0
DA:501,0
DA:502,0
DA:503,0
DA:504,0
DA:508,0
DA:510,0
DA:511,0
DA:512,0
DA:513,0
DA:522,0
DA:523,0
DA:524,0
DA:527,0
DA:529,0
LF:209
LH:140
end_of_record
SF:lib/widgets/shared/empty_state_widget.dart
DA:16,16
DA:28,3
DA:30,3
DA:31,3
DA:37,6
DA:39,9
DA:43,3
DA:44,3
DA:45,3
DA:46,3
DA:47,3
DA:48,3
DA:49,3
DA:51,3
DA:52,3
DA:53,0
DA:55,3
DA:56,3
DA:57,3
DA:59,3
DA:60,3
DA:61,3
DA:62,12
DA:67,5
DA:69,2
DA:70,2
DA:72,8
DA:73,2
DA:74,2
DA:75,2
DA:80,7
DA:82,2
DA:83,4
DA:84,4
DA:85,2
DA:103,3
DA:105,3
DA:107,3
DA:109,3
DA:112,3
DA:114,3
DA:115,3
DA:118,3
DA:120,3
DA:123,6
DA:125,3
DA:128,3
DA:130,3
DA:131,3
DA:132,3
DA:135,3
DA:136,6
DA:137,3
DA:138,9
DA:142,9
DA:154,3
DA:156,3
DA:158,3
DA:159,3
DA:160,3
DA:161,3
DA:163,6
LF:62
LH:61
end_of_record
SF:lib/widgets/editable_field.dart
DA:22,1
DA:35,1
DA:36,1
DA:43,1
DA:45,1
DA:46,4
DA:49,1
DA:51,1
DA:52,5
DA:53,0
DA:57,1
DA:59,2
DA:60,1
DA:63,1
DA:64,4
DA:65,3
DA:68,1
DA:69,3
DA:72,0
DA:73,0
DA:74,0
DA:77,0
DA:79,0
DA:82,1
DA:84,1
DA:85,1
DA:87,1
DA:88,1
DA:91,1
DA:94,1
DA:95,1
DA:96,2
DA:97,3
DA:98,1
DA:102,1
DA:104,1
DA:105,1
DA:106,1
DA:108,1
DA:109,2
DA:110,1
DA:111,2
DA:117,1
DA:118,5
DA:119,3
DA:121,3
DA:122,0
DA:123,1
DA:126,2
DA:128,0
DA:129,0
DA:130,0
DA:131,0
DA:133,0
DA:135,0
DA:136,0
DA:146,3
DA:148,1
DA:150,3
DA:151,1
DA:153,1
DA:154,1
DA:158,2
DA:159,0
DA:162,0
DA:164,0
DA:165,0
DA:173,1
DA:174,1
DA:176,1
DA:177,1
DA:178,2
DA:179,3
DA:180,1
DA:184,1
DA:185,1
DA:187,1
DA:188,2
DA:196,0
DA:199,1
DA:200,1
DA:201,1
DA:202,1
DA:203,1
DA:210,1
DA:211,1
DA:212,1
LF:87
LH:68
end_of_record
SF:lib/services/field_overrides_store.dart
DA:23,2
DA:24,6
DA:25,1
DA:30,2
DA:31,2
DA:32,1
DA:33,1
DA:35,1
DA:36,4
DA:38,1
DA:43,1
DA:44,1
DA:45,2
DA:49,1
DA:50,1
DA:51,1
DA:56,1
DA:62,1
DA:63,1
DA:64,2
DA:66,2
DA:67,1
DA:69,2
DA:70,4
DA:72,3
DA:76,1
DA:77,1
DA:78,1
DA:79,1
DA:80,1
DA:81,1
DA:83,2
DA:84,4
DA:87,3
DA:91,1
DA:92,1
DA:93,1
DA:97,1
DA:98,1
DA:99,1
DA:109,1
DA:115,5
DA:117,2
DA:118,1
DA:119,1
DA:120,2
DA:123,2
DA:124,1
DA:125,1
DA:126,1
DA:127,2
DA:128,1
LF:52
LH:52
end_of_record
SF:lib/utils/date_validation.dart
DA:7,1
DA:8,1
DA:9,1
DA:13,1
DA:14,2
DA:15,2
DA:17,2
DA:18,2
DA:19,2
DA:21,1
DA:27,2
DA:28,2
DA:30,1
DA:31,4
LF:14
LH:14
end_of_record
SF:lib/screens/processing_status_screen.dart
DA:53,2
DA:55,2
DA:56,2
DA:57,2
DA:58,2
DA:60,2
DA:61,2
DA:62,2
DA:63,2
DA:65,2
DA:66,2
DA:67,2
DA:69,2
DA:70,2
DA:72,2
DA:73,2
DA:75,2
DA:76,2
DA:78,2
DA:79,2
DA:80,2
DA:81,2
DA:82,2
DA:83,2
DA:84,2
DA:86,2
DA:102,2
DA:108,1
DA:110,1
DA:125,1
DA:127,1
DA:129,1
DA:130,1
DA:131,3
DA:134,1
DA:136,2
DA:140,1
DA:143,1
DA:144,1
DA:145,2
DA:147,2
DA:148,2
DA:149,1
DA:150,2
DA:151,1
DA:164,1
DA:165,0
DA:166,0
DA:167,0
DA:168,0
DA:169,0
DA:172,0
DA:173,0
DA:174,0
DA:175,0
DA:183,1
DA:184,3
DA:185,1
DA:193,0
DA:196,0
DA:198,0
DA:199,0
DA:200,0
DA:201,0
DA:202,0
DA:203,0
DA:205,0
DA:206,0
DA:207,0
DA:208,0
DA:209,0
DA:217,0
DA:218,0
DA:219,0
DA:220,0
DA:225,0
DA:226,0
DA:227,0
DA:228,0
DA:229,0
DA:230,0
DA:237,0
DA:238,0
DA:241,0
DA:245,1
DA:247,1
DA:249,1
DA:250,1
DA:251,2
DA:252,2
DA:253,2
DA:254,1
DA:256,1
DA:259,1
DA:260,1
DA:262,1
DA:263,2
DA:264,2
DA:266,1
DA:267,1
DA:268,1
DA:269,1
DA:270,2
DA:272,2
DA:275,3
DA:276,1
DA:277,2
DA:279,2
DA:280,2
DA:284,1
DA:286,1
DA:287,3
DA:288,1
DA:294,1
DA:295,2
DA:296,1
DA:297,2
DA:299,1
DA:300,1
DA:301,1
DA:303,2
DA:306,1
DA:307,1
DA:308,2
DA:309,3
DA:322,1
DA:323,1
DA:324,1
DA:325,2
DA:326,0
DA:327,1
DA:336,1
DA:337,5
DA:339,2
DA:340,1
DA:342,5
DA:344,2
DA:345,2
DA:346,2
DA:347,1
DA:348,2
DA:349,2
DA:352,2
DA:353,0
DA:355,0
DA:358,1
DA:359,1
DA:360,2
DA:361,3
DA:363,2
DA:368,1
DA:369,1
DA:371,1
DA:373,1
DA:374,1
DA:375,3
DA:382,1
DA:383,2
DA:384,4
DA:385,2
DA:386,2
DA:388,1
DA:389,1
DA:390,1
DA:394,1
DA:396,2
DA:398,1
DA:400,1
DA:402,2
DA:404,1
DA:406,1
DA:408,1
DA:409,1
DA:410,3
DA:413,0
DA:415,1
DA:416,2
DA:419,2
DA:421,0
DA:423,0
DA:425,2
DA:426,0
DA:427,0
DA:428,1
DA:431,1
DA:434,2
DA:437,1
DA:440,2
DA:447,1
DA:449,1
DA:450,1
DA:452,1
DA:453,4
DA:458,1
DA:459,1
DA:460,1
DA:462,1
DA:463,1
DA:465,2
DA:469,1
DA:470,2
DA:471,1
DA:473,1
DA:475,1
DA:476,1
DA:477,3
DA:478,2
DA:484,1
DA:487,0
DA:494,0
DA:495,0
DA:496,0
DA:498,0
DA:499,0
DA:501,0
DA:505,0
DA:506,0
DA:507,0
DA:509,0
DA:511,0
DA:513,0
DA:514,0
DA:520,0
DA:523,0
DA:524,0
DA:525,0
DA:526,0
DA:535,1
DA:536,2
DA:537,2
DA:538,2
DA:539,0
DA:542,1
DA:543,1
DA:544,2
DA:550,1
DA:551,1
DA:552,2
DA:554,1
DA:555,1
DA:556,1
DA:557,2
LF:242
LH:179
end_of_record
SF:lib/services/local_storage_service.dart
DA:23,15
DA:26,2
DA:34,2
DA:37,2
DA:38,4
DA:41,6
DA:42,2
DA:45,4
DA:48,2
DA:52,2
DA:54,2
DA:58,2
DA:61,1
DA:62,1
DA:65,6
DA:70,2
DA:80,2
DA:81,2
DA:85,2
DA:86,2
DA:87,1
DA:91,2
DA:93,1
DA:94,1
DA:97,6
DA:102,4
DA:104,8
DA:105,2
DA:107,12
DA:109,4
DA:112,1
DA:113,2
DA:114,1
DA:115,0
DA:116,0
DA:117,0
DA:119,0
DA:120,0
DA:121,0
DA:122,0
DA:126,4
DA:127,0
DA:131,0
DA:137,0
DA:140,0
DA:141,0
DA:146,0
DA:151,0
DA:159,0
DA:160,0
DA:163,4
DA:164,1
DA:168,12
DA:169,4
DA:173,1
DA:175,3
DA:179,2
DA:180,2
DA:184,0
DA:192,1
DA:194,1
DA:195,1
DA:196,1
DA:197,1
DA:199,1
DA:200,1
DA:201,1
DA:202,1
DA:203,1
DA:205,1
DA:206,1
DA:207,0
DA:208,1
DA:209,1
DA:210,0
DA:211,1
DA:212,0
DA:213,0
DA:215,4
DA:222,0
DA:224,0
DA:225,0
DA:227,0
DA:228,0
DA:229,0
DA:232,0
DA:233,0
DA:234,0
DA:235,0
DA:236,0
DA:237,0
DA:238,0
DA:239,0
DA:240,0
DA:241,0
DA:242,0
DA:243,0
DA:244,0
DA:245,0
DA:246,0
DA:247,0
DA:249,0
DA:251,0
DA:256,4
DA:258,7
DA:260,3
DA:262,5
DA:263,1
DA:264,2
DA:270,3
DA:275,1
DA:276,1
DA:280,1
DA:284,3
DA:286,3
DA:292,3
DA:293,4
DA:294,2
DA:295,2
DA:299,9
DA:303,0
DA:309,0
DA:310,0
DA:313,0
DA:314,0
DA:321,0
DA:322,0
DA:323,0
DA:324,0
DA:325,0
DA:335,0
DA:337,0
DA:338,0
DA:343,0
DA:344,0
DA:345,0
DA:346,0
DA:348,0
DA:353,0
DA:354,0
DA:357,2
DA:358,2
DA:360,4
DA:361,6
DA:362,2
LF:145
LH:80
end_of_record
SF:lib/services/session_service.dart
DA:11,2
DA:12,2
DA:16,2
DA:21,4
DA:24,1
DA:25,1
DA:29,2
DA:33,0
DA:40,1
DA:41,1
DA:42,1
DA:49,0
DA:50,0
DA:51,0
DA:52,0
DA:54,0
DA:55,0
DA:62,0
DA:63,0
DA:64,0
DA:67,0
DA:74,0
DA:75,0
DA:76,0
DA:83,0
DA:85,0
DA:89,0
DA:90,0
DA:91,0
DA:92,0
LF:30
LH:10
end_of_record
SF:lib/theme/coverwise_motion.dart
DA:18,3
DA:19,3
DA:21,3
DA:22,3
DA:24,0
DA:28,0
DA:29,0
DA:47,3
DA:54,2
DA:56,2
DA:57,4
DA:58,4
DA:61,4
DA:65,4
DA:66,2
DA:67,4
DA:69,2
LF:17
LH:14
end_of_record
SF:lib/services/analytics_schema.dart
DA:208,5
DA:210,5
DA:211,5
DA:215,2
DA:219,8
DA:220,4
DA:221,4
DA:223,4
DA:224,2
DA:228,4
DA:232,4
DA:233,4
DA:234,1
DA:235,2
DA:237,1
DA:238,0
DA:239,0
DA:240,0
DA:242,1
DA:243,1
DA:244,1
DA:245,2
DA:251,8
DA:252,4
DA:254,2
DA:255,2
DA:256,2
DA:257,2
DA:258,2
DA:259,2
DA:260,2
DA:261,1
DA:262,1
LF:33
LH:30
end_of_record
SF:lib/services/analytics_service.dart
DA:34,12
DA:36,12
DA:45,0
DA:46,0
DA:48,0
DA:55,0
DA:56,0
DA:59,0
DA:60,0
DA:72,0
DA:74,0
DA:82,0
DA:87,0
DA:90,0
DA:94,0
DA:95,0
DA:96,0
DA:97,0
DA:98,0
DA:99,0
DA:105,0
DA:106,0
DA:107,0
DA:108,0
DA:109,0
DA:113,0
DA:130,0
DA:144,1
DA:146,1
DA:150,2
DA:161,1
DA:162,1
DA:174,4
DA:178,1
DA:182,4
DA:183,4
DA:184,0
DA:185,0
DA:186,0
DA:191,4
DA:192,4
DA:193,16
DA:194,4
DA:195,8
DA:198,8
DA:199,4
DA:202,12
DA:203,0
DA:208,0
DA:209,0
DA:212,0
DA:215,0
DA:217,0
DA:221,0
DA:223,0
DA:224,0
DA:225,0
DA:230,0
DA:235,3
DA:237,4
DA:239,13
DA:241,3
DA:245,0
DA:247,0
DA:248,0
DA:249,0
DA:250,0
DA:251,0
DA:252,0
DA:257,0
DA:262,1
DA:263,2
DA:264,2
DA:268,5
DA:269,0
LF:75
LH:27
end_of_record
SF:lib/services/consent_ledger.dart
DA:21,3
DA:22,6
DA:23,6
DA:37,3
DA:46,9
DA:49,6
DA:51,3
DA:52,3
DA:53,6
DA:54,3
DA:55,3
DA:56,6
DA:58,3
DA:59,6
DA:64,3
DA:66,6
DA:68,3
DA:70,3
DA:71,3
DA:72,6
DA:73,1
DA:74,3
DA:75,4
DA:89,3
DA:91,6
DA:98,3
DA:103,3
DA:107,3
DA:109,9
DA:114,2
DA:115,2
DA:116,2
DA:118,2
DA:119,2
DA:120,2
DA:121,2
DA:126,6
DA:133,3
DA:134,3
DA:135,2
DA:139,3
DA:140,3
DA:143,9
DA:146,6
DA:147,6
DA:150,9
DA:162,1
DA:163,1
DA:165,1
DA:166,3
DA:169,2
DA:170,0
DA:171,1
DA:177,5
DA:182,1
DA:183,2
LF:56
LH:55
end_of_record
SF:lib/services/install_service.dart
DA:48,0
DA:50,0
DA:51,0
DA:52,0
DA:65,0
DA:69,0
DA:76,0
DA:77,0
DA:78,0
DA:81,0
DA:83,0
DA:89,0
DA:90,0
DA:91,0
DA:92,0
DA:97,0
DA:98,0
DA:99,0
DA:100,0
DA:101,0
DA:103,0
DA:112,0
DA:113,0
DA:114,0
DA:115,0
DA:116,0
DA:121,0
DA:122,0
DA:123,0
DA:124,0
DA:125,0
DA:131,0
DA:135,0
DA:142,0
DA:145,0
DA:146,0
DA:152,0
DA:155,0
DA:156,0
DA:157,0
DA:158,0
DA:159,0
DA:169,0
DA:175,0
DA:176,0
DA:177,0
DA:181,0
LF:47
LH:0
end_of_record
SF:lib/services/app_state_repository.dart
DA:10,12
DA:12,1
DA:13,2
DA:16,1
DA:18,0
DA:19,0
DA:22,2
DA:23,2
DA:26,1
DA:27,2
DA:30,1
DA:32,0
DA:35,2
DA:38,1
DA:39,2
DA:42,1
DA:44,0
DA:47,2
DA:55,1
DA:57,1
DA:58,1
DA:59,1
DA:60,1
DA:61,1
DA:62,2
DA:63,3
DA:64,3
DA:69,0
DA:70,0
DA:71,0
DA:72,0
DA:74,0
DA:77,0
DA:79,0
DA:80,0
DA:81,0
DA:82,0
DA:83,0
DA:85,0
DA:89,1
DA:90,2
DA:91,1
DA:92,0
DA:94,1
DA:97,1
DA:99,1
DA:100,1
DA:101,1
DA:102,2
DA:103,0
DA:105,2
DA:109,0
DA:110,0
DA:121,0
DA:122,0
DA:123,0
DA:125,0
DA:126,0
DA:128,0
DA:129,0
DA:130,0
DA:132,0
DA:136,0
DA:138,0
DA:139,0
DA:140,0
DA:143,0
DA:144,0
DA:145,0
DA:146,0
DA:149,0
DA:151,0
DA:152,0
DA:153,0
DA:154,0
DA:155,0
DA:162,0
DA:163,0
DA:164,0
DA:166,0
DA:167,0
DA:169,0
DA:170,0
DA:172,0
DA:176,0
DA:178,0
DA:179,0
DA:182,0
DA:183,0
DA:184,0
DA:185,0
DA:188,0
DA:189,0
DA:190,0
DA:191,0
DA:192,0
DA:193,0
DA:197,0
DA:198,0
DA:199,0
DA:200,0
DA:211,1
DA:212,2
DA:213,2
DA:215,5
DA:217,0
DA:221,1
DA:222,1
DA:223,2
DA:224,2
DA:227,2
DA:230,1
DA:231,1
DA:232,1
DA:233,2
DA:236,1
DA:237,2
DA:240,1
DA:241,2
DA:242,1
DA:249,1
DA:250,2
DA:253,0
DA:254,0
LF:124
LH:53
end_of_record
SF:lib/services/ml_ocr_service.dart
DA:31,0
DA:35,0
DA:36,0
DA:39,0
DA:42,0
DA:48,0
DA:49,0
DA:50,0
DA:52,0
DA:53,0
DA:55,0
DA:56,0
DA:57,0
DA:61,0
DA:62,0
DA:64,0
DA:65,0
DA:66,0
DA:70,0
DA:72,0
DA:75,0
DA:76,0
DA:78,0
DA:81,0
DA:82,0
DA:87,0
DA:92,0
DA:93,0
DA:94,0
DA:96,0
LF:30
LH:0
end_of_record
SF:lib/widgets/shared/coverwise_scene.dart
DA:9,1
DA:10,1
DA:13,0
DA:14,0
DA:17,0
DA:18,0
DA:32,1
DA:38,0
DA:40,1
DA:42,2
DA:43,1
DA:44,0
DA:45,1
DA:46,0
DA:47,1
DA:49,3
DA:51,1
DA:52,1
DA:53,1
DA:54,1
DA:55,1
DA:56,1
DA:57,1
DA:59,1
DA:60,1
DA:61,1
DA:62,2
DA:66,0
DA:67,0
DA:68,0
DA:69,0
DA:70,0
DA:71,0
LF:33
LH:20
end_of_record
SF:lib/utils/what_if_calculator.dart
DA:11,1
DA:29,1
DA:30,1
DA:31,2
DA:32,1
DA:33,2
DA:34,1
DA:36,2
DA:37,2
DA:38,2
DA:39,2
DA:43,1
DA:44,3
DA:48,1
DA:49,3
DA:53,1
DA:54,1
DA:55,3
DA:56,1
DA:57,3
DA:58,1
DA:59,3
DA:61,2
LF:23
LH:23
end_of_record
SF:lib/screens/qa_screen.dart
DA:34,2
DA:36,2
DA:37,2
DA:49,2
DA:51,2
DA:52,4
DA:53,2
DA:56,0
DA:58,0
DA:59,0
DA:60,0
DA:61,0
DA:65,2
DA:67,4
DA:68,2
DA:69,2
DA:72,2
DA:73,0
DA:74,0
DA:76,0
DA:77,0
DA:81,0
DA:82,0
DA:84,0
DA:85,0
DA:86,0
DA:89,0
DA:91,0
DA:104,0
DA:105,0
DA:106,0
DA:107,0
DA:110,0
DA:111,0
DA:112,0
DA:113,0
DA:114,0
DA:117,0
DA:118,0
DA:122,0
DA:123,0
DA:124,0
DA:125,0
DA:126,0
DA:128,0
DA:129,0
DA:130,0
DA:131,0
DA:132,0
DA:139,2
DA:141,4
DA:142,4
DA:143,2
DA:146,1
DA:147,3
DA:153,1
DA:156,0
DA:162,3
DA:164,5
DA:166,0
DA:167,0
DA:168,0
DA:169,0
DA:171,0
DA:172,0
DA:173,0
DA:176,0
DA:177,0
DA:183,1
DA:184,1
DA:185,5
DA:190,2
DA:191,2
DA:193,0
DA:200,1
DA:203,1
DA:206,1
DA:211,4
DA:216,3
DA:219,0
DA:223,1
DA:224,0
DA:225,0
DA:226,0
DA:227,0
DA:228,0
DA:231,0
DA:232,0
DA:237,0
DA:238,0
DA:239,0
DA:240,0
DA:246,0
DA:249,0
DA:250,0
DA:252,0
DA:257,2
DA:259,1
DA:260,1
DA:263,3
DA:266,0
DA:270,5
DA:272,2
DA:273,2
DA:275,0
DA:278,2
DA:280,0
DA:285,2
DA:287,5
DA:289,0
DA:291,0
DA:293,0
DA:297,0
DA:301,0
DA:303,0
DA:305,0
DA:306,0
DA:310,0
DA:311,0
DA:313,0
DA:314,0
DA:317,0
DA:320,0
DA:323,0
DA:326,0
DA:327,0
DA:328,0
DA:333,1
DA:334,3
DA:336,2
DA:337,4
DA:338,1
DA:342,2
DA:344,6
DA:345,6
DA:346,6
DA:347,6
DA:348,6
DA:349,6
DA:351,10
DA:353,2
DA:354,2
DA:355,2
DA:356,2
DA:357,2
DA:365,2
DA:366,2
DA:368,2
DA:369,0
DA:370,0
DA:373,2
DA:376,2
DA:377,0
DA:378,0
DA:381,2
DA:382,2
DA:383,2
DA:384,2
DA:385,2
DA:390,2
DA:392,2
DA:393,2
DA:396,2
DA:398,2
DA:400,0
DA:401,0
DA:402,0
DA:403,0
DA:420,2
DA:422,2
DA:424,4
DA:425,4
DA:426,2
DA:427,2
DA:428,2
DA:431,4
DA:432,0
DA:433,0
DA:437,2
DA:438,2
DA:439,0
DA:440,2
DA:441,0
DA:442,4
DA:444,2
DA:446,2
DA:448,2
DA:449,2
DA:450,2
DA:458,0
DA:464,2
DA:465,2
DA:467,2
DA:468,2
DA:471,2
DA:472,2
DA:476,0
DA:479,2
DA:487,0
DA:488,0
DA:489,0
DA:504,2
DA:510,2
DA:512,6
DA:513,2
DA:515,2
DA:517,2
DA:520,2
DA:522,2
DA:524,2
DA:525,2
DA:527,8
DA:534,2
DA:535,2
DA:536,2
DA:537,2
DA:538,2
DA:540,4
DA:545,0
DA:546,0
DA:548,2
DA:556,0
DA:558,0
DA:559,0
DA:560,0
DA:561,0
DA:562,0
DA:565,0
DA:567,0
DA:569,0
DA:570,0
DA:574,0
DA:582,2
DA:589,4
DA:590,2
DA:609,2
DA:617,2
DA:619,2
DA:620,4
DA:621,10
DA:624,2
DA:626,8
DA:627,2
DA:628,2
DA:629,0
DA:631,0
DA:635,4
DA:636,4
DA:637,2
DA:639,2
DA:641,2
DA:643,2
DA:645,2
DA:646,4
DA:647,8
DA:651,6
DA:652,4
DA:658,2
DA:664,2
DA:682,2
DA:689,2
DA:691,2
DA:693,2
DA:695,2
DA:696,2
DA:698,8
DA:699,6
DA:704,2
DA:705,2
DA:706,2
DA:708,2
DA:711,0
DA:717,1
DA:718,5
DA:722,2
DA:724,2
DA:725,10
DA:727,0
DA:730,3
DA:731,2
DA:732,6
DA:733,2
DA:744,2
DA:746,1
DA:747,1
DA:755,1
DA:757,2
DA:758,1
DA:761,0
DA:762,0
DA:763,0
DA:764,0
DA:765,0
DA:766,0
DA:767,0
DA:770,0
DA:771,0
DA:772,0
DA:773,0
DA:774,0
DA:776,0
DA:777,0
DA:778,0
DA:779,0
DA:781,0
DA:783,0
DA:785,0
DA:790,0
DA:795,1
DA:797,3
DA:805,0
DA:806,0
DA:807,0
DA:810,0
DA:811,0
DA:812,0
DA:813,0
DA:814,0
DA:818,0
DA:819,0
DA:821,0
DA:823,0
DA:824,0
DA:825,0
DA:828,0
DA:829,0
DA:831,0
DA:832,0
DA:833,0
DA:838,0
DA:839,0
DA:842,0
DA:846,0
DA:847,0
DA:849,0
DA:851,0
DA:852,0
DA:853,0
DA:854,0
DA:860,0
DA:861,0
DA:862,0
DA:863,0
DA:865,0
DA:867,0
DA:868,0
DA:871,0
DA:873,0
DA:874,0
DA:875,0
DA:881,0
DA:883,0
DA:884,0
DA:885,0
DA:886,0
DA:888,0
DA:890,0
DA:892,0
DA:893,0
DA:894,0
DA:895,0
DA:896,0
DA:904,0
DA:905,0
DA:906,0
DA:908,0
DA:911,0
DA:912,0
DA:913,0
DA:914,0
DA:916,0
DA:918,0
DA:920,0
DA:922,0
DA:929,0
DA:930,0
DA:931,0
DA:936,0
DA:937,0
DA:939,0
DA:945,0
DA:947,0
DA:951,0
DA:954,0
DA:955,0
DA:958,0
DA:963,0
DA:965,0
DA:966,0
DA:967,0
DA:972,0
DA:973,0
DA:974,0
DA:976,0
DA:977,0
DA:979,0
DA:980,0
DA:984,0
DA:987,0
DA:991,0
DA:994,0
DA:995,0
DA:996,0
DA:1020,1
DA:1022,1
DA:1023,1
DA:1027,0
DA:1033,0
DA:1035,0
DA:1036,0
DA:1038,0
DA:1039,0
DA:1045,0
DA:1046,0
DA:1047,0
DA:1049,0
DA:1050,0
DA:1051,0
DA:1052,0
DA:1053,0
DA:1062,0
DA:1065,0
DA:1066,0
DA:1067,0
DA:1068,0
DA:1069,0
DA:1070,0
DA:1072,0
DA:1073,0
DA:1074,0
DA:1075,0
DA:1076,0
DA:1082,0
DA:1083,0
DA:1097,1
DA:1099,1
DA:1100,1
DA:1103,1
DA:1104,2
DA:1106,5
DA:1107,1
DA:1108,0
DA:1112,0
DA:1114,0
DA:1117,0
DA:1120,0
DA:1121,0
DA:1126,0
DA:1127,0
DA:1128,0
DA:1129,0
DA:1130,0
DA:1132,0
DA:1133,0
DA:1134,0
DA:1138,0
DA:1139,0
DA:1140,0
DA:1142,0
DA:1144,0
DA:1145,0
DA:1146,0
DA:1149,0
DA:1150,0
DA:1151,0
DA:1155,1
DA:1157,2
DA:1158,1
DA:1161,2
DA:1162,1
DA:1164,1
DA:1166,1
DA:1169,1
DA:1171,1
DA:1172,1
DA:1173,1
DA:1174,3
DA:1178,1
DA:1179,0
DA:1183,1
DA:1185,1
DA:1186,1
DA:1188,1
DA:1189,3
DA:1191,2
DA:1197,0
DA:1198,0
DA:1199,0
DA:1201,0
DA:1202,0
DA:1203,0
DA:1204,0
DA:1205,0
DA:1206,0
DA:1207,0
DA:1209,0
DA:1210,0
DA:1214,0
DA:1215,0
DA:1218,0
DA:1219,0
DA:1221,0
DA:1222,0
DA:1224,0
DA:1226,0
DA:1227,0
DA:1228,0
DA:1229,0
DA:1230,0
DA:1231,0
DA:1232,0
DA:1233,0
DA:1234,0
DA:1236,0
DA:1241,0
DA:1243,0
DA:1245,0
DA:1246,0
DA:1247,0
DA:1248,0
DA:1250,0
DA:1251,0
DA:1256,0
DA:1257,0
DA:1259,0
DA:1262,0
DA:1263,0
DA:1264,0
DA:1267,0
DA:1268,0
DA:1272,0
DA:1273,0
DA:1274,0
DA:1282,0
DA:1284,0
DA:1295,2
DA:1300,0
DA:1302,0
DA:1306,2
DA:1308,0
DA:1311,0
DA:1313,0
DA:1317,2
DA:1323,0
DA:1324,0
DA:1325,0
DA:1332,1
DA:1334,1
DA:1335,1
DA:1337,1
DA:1339,1
DA:1340,2
DA:1343,3
DA:1346,2
DA:1347,0
DA:1349,0
DA:1351,1
DA:1353,1
DA:1355,1
DA:1356,3
DA:1359,4
DA:1362,3
DA:1363,0
DA:1365,0
DA:1367,1
DA:1368,1
DA:1369,1
DA:1371,1
DA:1372,1
DA:1373,2
DA:1376,0
DA:1378,1
DA:1381,0
DA:1382,0
DA:1383,0
DA:1405,0
DA:1407,0
DA:1409,0
DA:1410,0
DA:1412,0
DA:1413,0
DA:1414,0
DA:1416,0
DA:1418,0
DA:1420,0
DA:1421,0
DA:1422,0
DA:1423,0
DA:1426,0
DA:1428,0
DA:1429,0
DA:1430,0
DA:1431,0
DA:1432,0
DA:1434,0
DA:1437,0
DA:1438,0
DA:1441,0
DA:1443,0
DA:1445,0
DA:1446,0
DA:1447,0
DA:1450,0
DA:1451,0
DA:1452,0
DA:1460,0
DA:1462,0
DA:1465,0
DA:1466,0
DA:1467,0
DA:1468,0
DA:1469,0
DA:1470,0
DA:1471,0
DA:1473,0
DA:1474,0
DA:1475,0
DA:1478,0
DA:1480,0
DA:1487,0
DA:1489,0
DA:1492,0
DA:1498,0
DA:1499,0
DA:1502,0
DA:1504,0
DA:1521,1
DA:1527,1
DA:1529,2
DA:1530,1
DA:1533,1
DA:1534,3
DA:1541,1
DA:1542,3
DA:1544,1
DA:1563,1
DA:1565,1
DA:1572,0
DA:1574,0
DA:1578,0
DA:1579,0
DA:1581,0
DA:1584,0
LF:643
LH:235
end_of_record
SF:lib/localization/app_localizations.dart
DA:10,0
DA:35,0
DA:36,0
DA:38,0
DA:39,0
DA:41,0
DA:43,0
DA:44,0
DA:46,0
DA:48,0
DA:59,4
DA:61,0
DA:62,0
DA:63,0
DA:64,0
DA:65,0
DA:66,0
DA:71,4
DA:86,0
DA:103,0
DA:104,0
DA:105,0
DA:108,0
DA:109,0
DA:112,0
DA:113,0
DA:122,0
DA:149,0
DA:150,0
DA:151,0
DA:152,0
DA:153,0
DA:154,0
DA:155,0
DA:157,0
DA:158,0
DA:159,1
DA:160,1
DA:164,0
DA:165,0
DA:166,0
DA:185,0
DA:186,0
DA:190,0
DA:191,0
DA:198,0
DA:199,0
DA:205,0
DA:206,0
DA:268,0
DA:271,0
DA:272,0
DA:273,0
DA:276,0
DA:277,0
DA:294,0
DA:296,0
DA:297,0
DA:305,0
DA:309,0
DA:333,0
DA:334,0
DA:335,0
DA:393,0
DA:394,0
DA:395,0
DA:396,0
DA:398,0
DA:399,0
DA:410,2
DA:411,1
DA:421,0
DA:422,0
DA:429,0
DA:453,0
DA:466,0
DA:485,0
DA:486,0
DA:528,0
DA:529,0
DA:552,0
DA:560,0
DA:561,0
DA:564,0
DA:652,0
DA:653,0
DA:672,0
DA:678,0
DA:679,0
DA:680,0
DA:682,0
DA:683,0
DA:685,0
DA:686,0
DA:687,0
LF:95
LH:6
end_of_record
SF:lib/models/entitlement.dart
DA:38,11
DA:105,17
DA:113,12
DA:115,4
DA:116,8
DA:117,2
DA:118,6
DA:121,2
DA:122,8
DA:127,4
DA:128,20
DA:130,4
DA:131,4
DA:133,16
DA:134,12
DA:139,4
DA:140,24
DA:143,4
DA:144,14
DA:147,12
DA:152,3
DA:153,9
DA:156,4
DA:157,6
DA:160,1
DA:161,3
DA:163,0
DA:165,6
DA:166,6
DA:167,5
DA:168,3
DA:169,6
DA:170,11
DA:173,6
DA:174,3
DA:175,12
DA:176,0
DA:178,7
DA:179,3
DA:180,3
DA:181,6
DA:183,3
DA:184,3
DA:185,5
DA:186,3
DA:190,0
DA:193,0
DA:194,0
DA:195,0
DA:196,0
DA:197,0
DA:198,0
DA:199,0
DA:201,0
DA:202,0
DA:203,0
DA:204,0
DA:205,0
DA:206,0
DA:207,0
DA:210,3
DA:217,3
DA:218,3
DA:219,3
DA:220,2
DA:221,2
DA:222,3
LF:67
LH:50
end_of_record
SF:lib/models/qa_pack.dart
DA:33,2
DA:40,8
DA:42,3
DA:44,1
DA:45,7
DA:47,2
DA:48,2
DA:49,1
DA:50,2
DA:51,2
DA:54,2
DA:55,1
DA:56,4
DA:57,1
DA:59,1
DA:60,2
DA:61,2
DA:64,1
DA:70,1
DA:71,1
DA:72,1
DA:73,1
DA:74,1
LF:23
LH:23
end_of_record
SF:lib/providers/connectivity_provider.dart
DA:17,4
DA:18,4
DA:21,4
DA:22,0
DA:26,8
DA:27,6
DA:28,0
DA:29,0
DA:35,0
DA:37,0
DA:38,0
DA:39,0
DA:41,0
LF:13
LH:5
end_of_record
SF:lib/providers/entitlement_provider.dart
DA:12,11
DA:13,2
DA:18,3
DA:19,0
DA:20,0
DA:33,3
DA:34,0
DA:35,0
DA:36,0
DA:37,0
DA:39,0
DA:47,6
DA:48,5
DA:49,6
DA:53,8
DA:54,4
DA:55,2
DA:56,2
DA:57,2
DA:58,2
DA:59,2
DA:60,2
DA:61,2
DA:62,2
DA:76,2
DA:90,9
DA:93,1
DA:94,3
DA:98,0
DA:99,0
DA:100,0
DA:104,1
DA:105,2
DA:106,0
DA:110,0
DA:111,0
DA:112,0
DA:116,0
DA:117,0
DA:118,0
DA:123,1
DA:124,1
DA:127,1
DA:128,0
DA:131,1
DA:132,0
DA:133,0
DA:136,1
DA:137,1
DA:138,0
DA:139,0
DA:140,0
DA:147,0
DA:148,0
DA:149,0
DA:150,0
DA:151,0
DA:152,0
DA:153,0
DA:154,0
DA:155,0
DA:156,0
DA:157,0
DA:158,0
DA:165,0
DA:166,0
DA:170,0
DA:171,0
DA:172,0
LF:69
LH:29
end_of_record
SF:lib/services/billing_adapter.dart
DA:27,1
DA:45,0
DA:46,0
DA:47,0
DA:56,0
DA:57,0
DA:60,0
DA:61,0
DA:62,0
DA:64,0
DA:70,0
DA:71,0
DA:73,0
DA:74,0
DA:75,0
DA:76,0
DA:78,0
DA:80,0
DA:89,0
DA:92,0
DA:93,0
DA:97,0
DA:107,0
DA:109,0
DA:110,0
DA:111,0
DA:112,0
DA:114,0
DA:119,0
DA:120,0
DA:123,0
DA:124,0
DA:125,0
DA:128,0
DA:129,0
DA:132,0
DA:134,0
DA:135,0
DA:139,0
DA:145,0
DA:146,0
DA:147,0
DA:148,0
DA:152,0
DA:153,0
DA:154,0
DA:155,0
DA:157,0
DA:159,0
DA:160,0
DA:161,0
DA:162,0
DA:163,0
DA:165,0
DA:170,0
DA:171,0
DA:177,0
DA:186,0
DA:188,0
DA:189,0
DA:191,0
DA:192,0
DA:193,0
DA:197,0
DA:198,0
DA:199,0
DA:200,0
DA:201,0
DA:202,0
DA:203,0
DA:204,0
DA:205,0
DA:206,0
DA:207,0
DA:208,0
DA:211,0
DA:212,0
DA:213,0
DA:220,0
DA:221,0
DA:222,0
DA:223,0
DA:225,0
DA:230,0
DA:241,0
DA:245,0
DA:246,0
DA:247,0
DA:253,0
DA:254,0
DA:255,0
DA:256,0
DA:257,0
DA:261,0
DA:262,0
DA:263,0
DA:265,0
DA:266,0
DA:268,0
DA:279,0
DA:281,0
DA:282,0
DA:283,0
DA:287,0
DA:288,0
DA:289,0
DA:290,0
DA:293,0
DA:297,0
DA:298,0
DA:299,0
DA:302,0
DA:304,0
DA:310,0
DA:312,0
DA:313,0
DA:314,0
DA:315,0
DA:316,0
DA:328,0
DA:330,0
DA:331,0
DA:332,0
DA:333,0
DA:334,0
DA:336,0
DA:337,0
DA:347,0
DA:350,0
DA:351,0
DA:356,0
DA:357,0
DA:358,0
DA:363,0
DA:371,0
DA:373,0
DA:374,0
DA:375,0
DA:376,0
LF:139
LH:1
end_of_record
SF:lib/services/entitlement_service.dart
DA:15,9
DA:23,3
DA:25,6
DA:26,3
DA:27,4
DA:30,0
DA:36,2
DA:38,6
DA:40,0
DA:50,1
DA:51,1
DA:52,1
DA:55,2
DA:57,1
DA:58,4
DA:69,2
DA:70,2
DA:74,2
DA:75,3
DA:77,2
DA:79,2
DA:84,2
DA:85,2
DA:86,4
DA:87,2
DA:89,2
DA:94,1
DA:95,1
DA:96,1
DA:97,2
DA:98,1
DA:99,4
DA:100,3
DA:102,2
DA:103,2
DA:104,2
DA:107,1
DA:109,1
DA:111,1
DA:112,2
DA:113,2
DA:114,2
DA:126,1
DA:127,1
DA:128,1
DA:130,1
DA:132,3
DA:135,1
DA:136,1
DA:137,3
DA:139,1
DA:140,2
DA:141,1
DA:142,3
DA:150,1
DA:151,1
DA:152,3
DA:153,4
DA:160,1
DA:161,1
DA:162,2
DA:163,1
DA:164,2
DA:166,1
DA:167,1
DA:168,2
DA:169,2
DA:170,1
DA:175,3
DA:178,0
DA:181,3
DA:186,1
DA:187,1
DA:188,2
DA:193,2
DA:194,2
DA:195,8
LF:77
LH:74
end_of_record
SF:lib/screens/document_selection_dialog.dart
DA:12,0
DA:19,0
DA:21,0
DA:22,0
DA:24,0
DA:27,0
DA:28,0
DA:30,0
DA:41,0
DA:42,0
DA:46,0
DA:47,0
DA:48,0
DA:59,0
DA:60,0
DA:61,0
DA:62,0
DA:64,0
DA:66,0
DA:67,0
DA:68,0
DA:69,0
DA:70,0
DA:71,0
DA:72,0
DA:73,0
DA:74,0
DA:76,0
DA:77,0
DA:78,0
DA:79,0
DA:81,0
DA:82,0
DA:83,0
DA:84,0
DA:95,0
DA:97,0
DA:98,0
DA:99,0
DA:100,0
LF:40
LH:0
end_of_record
SF:lib/screens/qa_packs_screen.dart
DA:19,11
DA:21,0
DA:22,0
DA:29,0
DA:31,0
DA:32,0
DA:33,0
DA:36,0
DA:38,0
DA:40,0
DA:42,0
DA:46,0
DA:48,0
DA:53,0
DA:55,0
DA:56,0
DA:60,0
DA:61,0
DA:63,0
DA:64,0
DA:65,0
DA:66,0
DA:69,0
DA:72,0
DA:73,0
DA:75,0
DA:80,0
DA:81,0
DA:83,0
DA:87,0
DA:88,0
DA:89,0
DA:91,0
DA:92,0
DA:101,0
DA:102,0
DA:109,0
DA:112,0
DA:114,0
DA:118,0
DA:119,0
DA:124,0
DA:129,0
DA:134,0
DA:149,0
DA:151,0
DA:153,0
DA:154,0
DA:156,0
DA:158,0
DA:159,0
DA:160,0
DA:163,0
DA:164,0
DA:173,0
DA:174,0
DA:175,0
DA:176,0
DA:177,0
DA:178,0
DA:180,0
DA:183,0
DA:184,0
DA:185,0
DA:186,0
DA:188,0
DA:192,0
DA:193,0
DA:194,0
DA:196,0
DA:214,0
DA:222,0
DA:225,0
DA:226,0
DA:227,0
DA:229,0
DA:231,0
DA:233,0
DA:234,0
DA:236,0
DA:239,0
DA:240,0
DA:241,0
DA:242,0
DA:243,0
DA:244,0
DA:245,0
DA:247,0
DA:248,0
DA:249,0
DA:250,0
DA:253,0
DA:255,0
DA:264,0
DA:265,0
DA:267,0
DA:268,0
DA:269,0
DA:270,0
DA:271,0
DA:277,0
DA:279,0
DA:289,0
DA:290,0
DA:291,0
DA:293,0
DA:296,0
DA:297,0
DA:298,0
DA:300,0
DA:307,0
DA:309,0
DA:310,0
DA:311,0
DA:318,0
DA:320,0
DA:322,0
DA:323,0
DA:326,0
DA:343,0
DA:344,0
DA:345,0
DA:346,0
DA:347,0
DA:348,0
DA:352,0
DA:353,0
DA:355,0
DA:358,0
DA:359,0
DA:361,0
DA:362,0
DA:363,0
DA:365,0
DA:368,0
DA:369,0
DA:372,0
DA:378,0
DA:379,0
DA:380,0
DA:383,0
DA:384,0
DA:385,0
DA:388,0
DA:396,0
DA:398,0
DA:400,0
DA:401,0
DA:403,0
DA:405,0
DA:407,0
DA:409,0
DA:410,0
DA:411,0
DA:412,0
DA:413,0
DA:417,0
DA:418,0
DA:424,0
DA:425,0
DA:426,0
DA:430,0
DA:434,0
DA:435,0
DA:436,0
DA:438,0
DA:440,0
LF:167
LH:1
end_of_record
SF:lib/widgets/shared/faq_item.dart
DA:10,12
DA:12,1
DA:13,1
DA:19,1
DA:21,1
DA:23,1
DA:24,0
DA:25,1
DA:26,1
DA:28,1
DA:30,1
DA:31,1
DA:32,1
DA:33,1
DA:34,1
DA:35,2
DA:39,1
DA:40,1
DA:46,1
DA:48,1
DA:50,1
DA:51,2
DA:52,1
DA:54,3
DA:59,1
LF:25
LH:24
end_of_record
SF:lib/utils/app_error.dart
DA:19,0
DA:26,1
DA:28,1
DA:31,1
DA:35,2
DA:38,1
DA:39,1
DA:40,1
DA:43,1
DA:44,1
DA:45,1
DA:46,1
DA:49,2
DA:52,2
DA:55,2
DA:58,2
DA:61,1
DA:62,0
DA:63,0
DA:66,0
DA:73,1
DA:74,2
DA:77,0
DA:82,1
DA:83,1
DA:88,1
DA:91,1
DA:92,0
DA:98,1
DA:99,1
DA:100,1
DA:103,2
DA:110,5
DA:111,2
DA:114,2
DA:117,1
DA:120,0
DA:123,0
DA:126,0
DA:132,3
DA:133,3
DA:136,2
DA:139,1
DA:146,2
DA:147,1
DA:150,0
DA:153,0
DA:156,0
DA:159,0
DA:165,3
DA:179,0
DA:180,0
DA:181,0
DA:182,0
DA:183,0
DA:184,0
DA:185,0
DA:192,1
DA:196,1
DA:200,1
DA:203,1
DA:206,1
DA:209,1
DA:212,1
DA:213,0
LF:65
LH:44
end_of_record
SF:lib/widgets/shared/offline_banner.dart
DA:13,11
DA:15,2
DA:17,4
DA:19,2
DA:22,2
DA:28,2
DA:29,4
DA:30,0
DA:32,2
DA:34,2
DA:44,2
DA:45,2
DA:46,2
DA:49,2
DA:50,2
DA:51,2
DA:57,2
DA:58,2
DA:60,6
DA:61,4
LF:20
LH:19
end_of_record
SF:lib/services/principal_key_service.dart
DA:46,1
DA:47,3
DA:53,2
DA:79,0
DA:107,0
DA:108,0
DA:109,0
DA:111,0
DA:115,0
DA:116,0
DA:123,1
DA:124,1
DA:125,1
DA:130,0
DA:137,1
DA:138,1
DA:139,1
DA:143,0
DA:148,0
DA:149,0
DA:154,0
DA:155,0
DA:156,0
DA:159,0
DA:160,0
DA:161,0
DA:163,0
DA:170,0
DA:171,0
DA:173,0
DA:182,0
DA:183,0
DA:184,0
DA:185,0
DA:187,0
DA:195,0
DA:196,0
DA:197,0
DA:198,0
DA:204,0
DA:205,0
DA:206,0
DA:214,0
DA:215,0
DA:216,0
DA:218,0
DA:221,0
DA:224,0
DA:225,0
DA:226,0
DA:228,0
DA:232,0
DA:233,0
DA:234,0
DA:235,0
DA:237,0
DA:249,0
DA:253,0
DA:256,0
DA:262,0
DA:265,0
DA:266,0
DA:268,0
DA:270,0
DA:272,0
DA:273,0
DA:274,0
DA:276,0
DA:281,0
DA:283,0
DA:284,0
DA:285,0
DA:288,0
DA:292,0
DA:295,0
DA:297,0
DA:299,0
DA:300,0
DA:302,0
DA:307,0
LF:80
LH:9
end_of_record
SF:lib/screens/privacy_policy_screen.dart
DA:16,3
DA:18,1
DA:19,1
DA:25,1
DA:27,1
DA:28,2
DA:29,2
DA:33,1
DA:35,1
DA:37,1
DA:38,1
DA:40,1
DA:41,1
DA:44,1
DA:45,1
DA:46,1
DA:47,3
DA:49,1
DA:54,1
DA:55,1
DA:56,1
DA:57,2
DA:61,1
DA:62,1
DA:65,0
DA:66,0
DA:67,0
DA:73,1
DA:75,1
DA:77,1
DA:79,1
DA:81,1
DA:83,1
DA:85,1
DA:87,1
DA:88,1
DA:89,1
DA:96,1
DA:97,1
DA:99,1
DA:100,1
DA:101,1
DA:103,3
DA:107,1
DA:108,2
DA:109,3
DA:110,2
DA:125,1
DA:126,1
DA:127,1
DA:128,1
DA:131,1
LF:52
LH:49
end_of_record
SF:lib/screens/terms_of_service_screen.dart
DA:16,3
DA:18,1
DA:19,1
DA:25,1
DA:27,1
DA:28,2
DA:29,2
DA:33,1
DA:35,1
DA:37,1
DA:38,1
DA:40,1
DA:41,1
DA:44,1
DA:45,1
DA:46,1
DA:47,3
DA:49,1
DA:54,1
DA:55,1
DA:56,1
DA:57,2
DA:61,1
DA:62,1
DA:65,0
DA:66,0
DA:67,0
DA:73,1
DA:75,1
DA:77,1
DA:79,1
DA:81,1
DA:83,1
DA:85,1
DA:87,1
DA:88,1
DA:89,1
DA:96,1
DA:97,1
DA:99,1
DA:100,1
DA:101,1
DA:103,3
DA:107,1
DA:108,2
DA:109,3
DA:110,2
DA:125,1
DA:126,1
DA:127,1
DA:128,1
DA:131,1
LF:52
LH:49
end_of_record
SF:lib/services/legal_content_loader.dart
DA:9,2
DA:19,3
DA:32,1
DA:33,1
DA:34,4
DA:35,1
DA:36,2
DA:37,2
DA:38,2
DA:39,1
DA:41,1
DA:53,0
DA:59,2
DA:61,1
DA:62,2
DA:63,2
DA:68,2
DA:70,1
DA:71,2
DA:72,2
DA:77,1
DA:80,2
DA:81,2
DA:85,1
DA:87,1
DA:96,2
DA:97,2
DA:100,2
DA:101,2
DA:104,4
DA:105,4
DA:107,4
DA:111,1
DA:113,1
DA:114,1
DA:115,2
DA:119,1
DA:121,1
DA:122,2
DA:124,2
DA:127,2
DA:128,1
DA:133,1
DA:134,0
DA:135,0
DA:136,0
DA:141,1
DA:146,1
DA:147,2
DA:149,2
DA:153,2
LF:51
LH:47
end_of_record
SF:lib/widgets/shared/legal_content_section.dart
DA:13,1
DA:19,1
DA:21,1
DA:23,1
DA:25,1
DA:27,1
DA:29,1
DA:30,1
DA:31,1
DA:32,3
DA:37,1
DA:38,1
DA:39,3
DA:41,2
LF:14
LH:14
end_of_record
SF:lib/providers/auth_provider.dart
DA:10,0
DA:11,0
DA:13,0
DA:17,0
DA:21,0
DA:22,0
DA:23,0
DA:24,0
DA:30,3
DA:31,0
DA:32,0
DA:33,0
LF:12
LH:1
end_of_record
SF:lib/screens/profile_screen.dart
DA:27,1
DA:29,1
DA:30,1
DA:34,0
DA:36,0
DA:43,0
DA:45,0
DA:46,0
DA:49,0
DA:51,0
DA:52,0
DA:53,0
DA:56,0
DA:57,0
DA:59,0
DA:60,0
DA:62,0
DA:66,0
DA:67,0
DA:72,0
DA:73,0
DA:74,0
DA:75,0
DA:77,0
DA:78,0
DA:79,0
DA:82,0
DA:93,1
DA:95,1
DA:96,1
DA:97,3
DA:100,1
DA:101,2
DA:102,0
DA:104,0
DA:105,0
DA:107,0
DA:109,0
DA:113,0
DA:114,0
DA:115,0
DA:117,0
DA:119,0
DA:126,0
DA:128,0
DA:130,0
DA:134,0
DA:136,0
DA:137,0
DA:139,0
DA:140,0
DA:141,0
DA:142,0
DA:143,0
DA:145,0
DA:146,0
DA:148,0
DA:154,1
DA:157,5
DA:158,1
DA:159,4
DA:160,1
DA:162,2
DA:167,1
DA:168,1
DA:170,2
DA:173,1
DA:174,1
DA:177,1
DA:178,1
DA:183,1
DA:184,1
DA:185,1
DA:186,1
DA:188,1
DA:194,1
DA:195,1
DA:196,0
DA:197,1
DA:199,1
DA:200,0
DA:201,1
DA:204,1
DA:209,0
DA:211,0
DA:212,0
DA:214,0
DA:216,0
DA:219,0
DA:220,0
DA:221,0
DA:222,0
DA:224,0
DA:225,0
DA:226,0
DA:227,0
DA:228,0
DA:230,0
DA:232,0
DA:233,0
DA:236,0
DA:239,0
DA:241,0
DA:242,0
DA:243,0
DA:248,1
DA:250,3
DA:251,3
DA:252,1
DA:253,2
DA:254,1
DA:255,1
DA:257,1
DA:258,2
DA:259,1
DA:261,1
DA:262,1
DA:266,1
DA:276,1
DA:278,1
DA:279,1
DA:281,1
DA:282,1
DA:284,0
DA:285,0
DA:290,1
DA:291,1
DA:293,2
DA:294,1
DA:295,1
DA:296,1
DA:297,1
DA:301,2
DA:302,0
DA:303,0
DA:306,0
DA:307,0
DA:308,0
DA:314,0
DA:315,0
DA:316,0
DA:320,1
DA:321,2
DA:322,1
DA:328,0
DA:329,0
DA:330,0
DA:331,0
DA:333,0
DA:339,1
DA:351,1
DA:352,1
DA:353,2
DA:354,1
DA:363,1
DA:367,1
DA:369,1
DA:377,1
DA:378,1
DA:379,2
DA:380,1
DA:389,1
DA:395,2
DA:396,2
DA:401,1
DA:403,1
DA:406,4
DA:407,3
LF:168
LH:81
end_of_record
SF:lib/services/contact_service.dart
DA:6,0
DA:7,0
DA:8,0
DA:11,0
DA:18,0
DA:19,0
DA:20,0
DA:23,0
DA:30,0
DA:35,0
DA:37,0
DA:41,0
DA:44,0
DA:48,0
DA:49,0
DA:54,0
DA:55,0
DA:56,0
DA:57,0
DA:58,0
DA:62,0
DA:63,0
DA:64,0
DA:68,0
DA:69,0
DA:70,0
DA:72,0
LF:27
LH:0
end_of_record
SF:lib/services/hive_workspace_service.dart
DA:15,0
DA:46,0
DA:47,0
DA:48,0
DA:52,0
DA:53,0
DA:54,0
DA:55,0
DA:56,0
DA:57,0
DA:58,0
DA:66,0
DA:70,0
DA:72,0
DA:73,0
DA:74,0
DA:75,0
DA:76,0
DA:77,0
DA:78,0
DA:83,0
DA:84,0
DA:86,0
DA:87,0
DA:88,0
DA:90,0
DA:92,0
DA:93,0
DA:95,0
DA:96,0
DA:97,0
DA:98,0
LF:32
LH:0
end_of_record
SF:lib/screens/documents_list.dart
DA:37,1
DA:38,1
DA:39,3
DA:40,1
DA:46,1
DA:49,1
DA:51,1
DA:52,5
DA:53,1
DA:54,5
DA:55,1
DA:56,2
DA:57,5
DA:58,1
DA:59,2
DA:60,5
DA:61,1
DA:62,2
DA:63,3
DA:64,3
DA:65,1
DA:66,4
DA:73,1
DA:76,1
DA:77,2
DA:78,3
DA:79,3
DA:80,1
DA:84,1
DA:87,2
DA:88,4
DA:90,2
DA:97,1
DA:100,2
DA:106,0
DA:108,0
DA:109,0
DA:116,0
DA:118,0
DA:119,0
DA:122,0
DA:123,0
DA:124,0
DA:125,0
DA:126,0
DA:129,0
DA:130,0
DA:131,0
DA:132,0
DA:135,0
DA:136,0
DA:137,0
DA:138,0
DA:141,0
DA:145,0
DA:146,0
DA:147,0
DA:148,0
DA:149,0
DA:151,0
DA:152,0
DA:153,0
DA:154,0
DA:155,0
DA:160,0
DA:161,0
DA:170,0
DA:172,0
DA:174,0
DA:175,0
DA:176,0
DA:181,0
DA:183,0
DA:185,0
DA:186,0
DA:197,0
DA:198,0
DA:200,0
DA:201,0
DA:202,0
DA:203,0
DA:205,0
DA:207,0
DA:208,0
DA:209,0
DA:210,0
DA:211,0
DA:214,0
DA:217,0
DA:218,0
DA:219,0
DA:220,0
DA:221,0
DA:222,0
DA:223,0
DA:224,0
DA:225,0
DA:226,0
DA:227,0
DA:237,0
DA:238,0
DA:239,0
DA:240,0
DA:241,0
DA:242,0
DA:245,0
DA:246,0
DA:247,0
DA:248,0
DA:250,0
DA:252,0
DA:253,0
DA:255,0
DA:256,0
DA:257,0
DA:259,0
DA:261,0
DA:264,0
DA:265,0
DA:272,0
DA:273,0
DA:274,0
DA:275,0
DA:276,0
DA:277,0
DA:278,0
DA:280,0
DA:281,0
DA:284,0
DA:289,0
DA:290,0
DA:294,0
DA:295,0
DA:296,0
DA:297,0
DA:303,0
DA:304,0
DA:305,0
DA:306,0
DA:315,0
DA:317,0
DA:318,0
DA:321,0
DA:322,0
DA:324,0
DA:327,0
DA:328,0
DA:329,0
DA:330,0
DA:331,0
DA:332,0
DA:333,0
DA:334,0
DA:335,0
DA:336,0
DA:337,0
DA:338,0
DA:339,0
DA:340,0
DA:341,0
DA:342,0
DA:346,0
DA:347,0
DA:348,0
DA:351,0
DA:352,0
DA:353,0
DA:355,0
DA:356,0
DA:357,0
DA:359,0
DA:360,0
DA:366,0
DA:367,0
DA:368,0
DA:372,0
DA:373,0
DA:374,0
DA:375,0
DA:377,0
DA:378,0
DA:381,0
DA:382,0
DA:383,0
DA:385,0
DA:388,0
DA:389,0
DA:390,0
DA:391,0
DA:393,0
DA:395,0
DA:398,0
DA:402,0
DA:403,0
DA:404,0
DA:406,0
DA:407,0
DA:409,0
DA:411,0
DA:416,0
DA:419,0
DA:422,0
DA:423,0
DA:425,0
DA:426,0
DA:427,0
DA:428,0
DA:434,0
DA:437,0
DA:438,0
DA:439,0
DA:440,0
DA:441,0
DA:443,0
DA:444,0
DA:464,0
DA:466,0
DA:467,0
DA:469,0
DA:470,0
DA:471,0
DA:474,0
DA:479,0
DA:480,0
DA:483,0
DA:484,0
DA:485,0
DA:486,0
DA:488,0
DA:489,0
DA:491,0
DA:492,0
DA:497,0
DA:499,0
DA:501,0
DA:502,0
DA:504,0
DA:505,0
DA:506,0
DA:508,0
DA:509,0
DA:510,0
DA:511,0
DA:512,0
DA:513,0
DA:514,0
DA:515,0
DA:516,0
DA:517,0
DA:518,0
DA:521,0
DA:522,0
DA:523,0
DA:524,0
DA:526,0
DA:527,0
DA:532,0
DA:534,0
DA:536,0
DA:537,0
DA:538,0
DA:539,0
DA:540,0
DA:541,0
DA:542,0
DA:543,0
DA:544,0
DA:545,0
DA:546,0
DA:547,0
DA:548,0
DA:549,0
DA:550,0
DA:551,0
DA:552,0
DA:555,0
DA:556,0
DA:557,0
DA:558,0
DA:559,0
DA:561,0
DA:562,0
DA:567,0
DA:569,0
DA:571,0
DA:572,0
DA:573,0
DA:574,0
DA:575,0
DA:576,0
DA:577,0
DA:578,0
DA:579,0
DA:580,0
DA:585,0
DA:588,0
DA:590,0
DA:591,0
DA:593,0
DA:594,0
DA:597,0
DA:598,0
DA:599,0
DA:600,0
DA:603,0
DA:604,0
DA:606,0
DA:607,0
DA:610,0
DA:611,0
DA:612,0
DA:618,0
DA:621,0
DA:622,0
DA:623,0
DA:624,0
DA:625,0
DA:626,0
DA:627,0
DA:629,0
DA:630,0
DA:635,0
DA:636,0
DA:641,0
DA:643,0
DA:644,0
DA:645,0
DA:646,0
DA:647,0
DA:650,0
DA:657,0
DA:659,0
DA:660,0
DA:662,0
DA:663,0
DA:665,0
DA:667,0
DA:668,0
DA:684,0
DA:692,0
DA:694,0
DA:696,0
DA:698,0
DA:700,0
DA:702,0
DA:705,0
DA:706,0
DA:710,0
DA:712,0
DA:713,0
DA:714,0
DA:715,0
DA:721,0
DA:723,0
DA:724,0
DA:725,0
DA:726,0
DA:727,0
DA:739,0
DA:740,0
DA:742,0
DA:743,0
DA:745,0
DA:746,0
DA:748,0
DA:749,0
DA:751,0
DA:752,0
DA:753,0
DA:754,0
DA:755,0
DA:763,0
DA:764,0
DA:765,0
DA:766,0
DA:768,0
DA:770,0
DA:771,0
DA:772,0
DA:773,0
DA:786,0
DA:793,0
DA:795,0
DA:796,0
DA:797,0
DA:798,0
DA:800,0
DA:801,0
DA:802,0
DA:803,0
DA:804,0
DA:805,0
DA:806,0
DA:809,0
DA:811,0
DA:812,0
DA:814,0
DA:815,0
DA:816,0
DA:818,0
DA:819,0
DA:820,0
DA:823,0
DA:824,0
DA:825,0
DA:838,0
DA:840,0
DA:842,0
DA:851,0
DA:852,0
DA:854,0
DA:855,0
DA:857,0
DA:858,0
DA:859,0
DA:860,0
DA:861,0
DA:866,0
DA:867,0
DA:869,0
DA:870,0
DA:871,0
DA:872,0
DA:873,0
DA:876,0
DA:877,0
DA:879,0
DA:881,0
DA:885,0
DA:886,0
DA:887,0
DA:888,0
DA:890,0
DA:891,0
DA:892,0
DA:898,0
DA:899,0
DA:903,0
DA:904,0
DA:905,0
DA:906,0
DA:910,0
DA:912,0
DA:914,0
DA:915,0
DA:916,0
DA:920,0
DA:922,0
DA:923,0
DA:924,0
DA:925,0
DA:930,0
DA:931,0
DA:933,0
DA:935,0
DA:937,0
DA:938,0
DA:939,0
DA:940,0
DA:946,0
DA:948,0
DA:949,0
DA:950,0
DA:952,0
DA:954,0
DA:956,0
DA:957,0
DA:958,0
DA:960,0
DA:962,0
DA:963,0
DA:964,0
DA:966,0
DA:967,0
DA:968,0
DA:976,0
DA:977,0
DA:978,0
DA:980,0
DA:981,0
DA:984,0
DA:990,0
DA:991,0
DA:993,0
DA:994,0
DA:995,0
DA:997,0
DA:1001,0
DA:1002,0
DA:1003,0
DA:1004,0
DA:1005,0
DA:1006,0
DA:1008,0
DA:1010,0
DA:1012,0
DA:1013,0
DA:1015,0
DA:1016,0
LF:499
LH:34
end_of_record
SF:lib/providers/family_providers.dart
DA:10,0
DA:11,0
DA:12,0
DA:13,0
DA:15,0
DA:17,0
DA:18,0
DA:19,0
DA:22,0
DA:23,0
DA:24,0
DA:28,0
DA:37,0
DA:42,0
DA:43,0
DA:45,0
DA:46,0
DA:55,0
DA:56,0
DA:57,0
DA:58,0
DA:60,0
DA:61,0
DA:62,0
DA:63,0
DA:70,0
DA:71,0
DA:74,0
DA:75,0
DA:76,0
DA:79,0
DA:81,0
DA:82,0
DA:83,0
LF:34
LH:0
end_of_record
SF:lib/widgets/document_type_picker.dart
DA:10,0
DA:14,0
DA:16,0
DA:22,0
DA:24,0
DA:26,0
DA:32,0
DA:34,0
DA:35,0
DA:38,0
DA:40,0
DA:42,0
DA:44,0
DA:45,0
DA:46,0
DA:48,0
DA:49,0
DA:50,0
DA:51,0
DA:52,0
DA:54,0
DA:60,0
DA:62,0
DA:63,0
DA:64,0
DA:67,0
DA:68,0
LF:27
LH:0
end_of_record
SF:lib/screens/onboarding_screen.dart
DA:15,1
DA:17,1
DA:18,1
DA:54,1
DA:56,2
DA:57,1
DA:60,0
DA:61,0
DA:65,0
DA:66,0
DA:67,0
DA:68,0
DA:69,0
DA:73,0
DA:74,0
DA:75,0
DA:76,0
DA:78,0
DA:86,0
DA:87,0
DA:91,0
DA:94,0
DA:96,0
DA:101,0
DA:104,0
DA:107,0
DA:111,0
DA:115,0
DA:119,1
DA:121,1
DA:122,4
DA:124,1
DA:125,1
DA:126,1
DA:127,1
DA:128,1
DA:130,1
DA:131,1
DA:132,1
DA:134,2
DA:137,4
DA:139,1
DA:141,3
DA:142,2
DA:144,1
DA:148,1
DA:150,3
DA:151,2
DA:152,1
DA:156,1
DA:157,1
DA:158,1
DA:166,1
DA:167,1
DA:168,1
DA:169,1
DA:170,0
DA:171,3
DA:174,1
DA:176,1
DA:177,1
DA:178,1
DA:179,1
DA:180,1
DA:181,2
DA:182,1
DA:183,1
DA:188,1
DA:189,3
DA:191,1
DA:192,2
DA:193,3
DA:195,1
DA:203,0
DA:204,0
DA:208,0
DA:209,0
DA:210,0
DA:211,0
DA:213,0
DA:214,0
DA:215,0
DA:218,0
DA:221,0
DA:222,0
DA:224,0
DA:225,0
DA:227,0
DA:229,0
DA:233,0
DA:236,0
DA:237,0
DA:244,0
DA:245,0
DA:246,0
DA:247,0
DA:248,0
DA:256,0
DA:258,0
DA:260,0
DA:261,0
DA:262,0
DA:264,0
DA:265,0
DA:270,0
DA:272,0
DA:273,0
DA:276,0
DA:277,0
DA:279,0
DA:280,0
DA:289,0
DA:291,0
DA:293,0
DA:294,0
DA:295,0
DA:296,0
DA:297,0
DA:298,0
DA:302,0
DA:303,0
DA:305,0
DA:308,0
DA:309,0
DA:319,1
DA:321,1
DA:323,0
DA:324,0
DA:326,0
DA:327,0
DA:328,0
DA:330,0
DA:336,1
DA:339,1
DA:354,1
DA:356,1
DA:358,1
DA:359,3
DA:361,2
DA:362,1
DA:363,3
DA:364,1
DA:366,1
DA:367,1
DA:368,1
DA:371,1
DA:374,1
DA:376,3
DA:380,1
DA:381,1
DA:382,1
DA:383,1
DA:388,1
DA:389,1
DA:390,1
DA:391,1
DA:392,1
DA:393,2
DA:396,0
DA:397,0
DA:398,0
DA:399,0
DA:401,0
DA:414,2
DA:416,1
DA:417,1
DA:418,2
DA:419,3
DA:420,2
DA:426,1
DA:427,2
DA:428,3
DA:429,2
DA:432,1
DA:436,1
DA:437,2
DA:438,3
DA:439,2
DA:446,1
DA:447,1
DA:449,1
DA:451,1
DA:453,1
DA:454,1
DA:455,3
DA:457,1
DA:460,1
DA:465,1
DA:467,1
DA:469,1
DA:470,2
DA:472,1
DA:488,2
LF:193
LH:108
end_of_record
SF:lib/widgets/shared/policy_type_icon.dart
DA:16,1
DA:23,1
DA:25,1
DA:26,1
DA:27,2
DA:29,2
DA:30,2
DA:32,1
DA:33,1
DA:35,1
DA:36,1
DA:37,1
DA:40,1
DA:41,2
DA:45,1
DA:48,1
DA:49,3
DA:50,1
DA:51,2
DA:52,2
DA:53,1
DA:54,2
DA:55,2
DA:56,1
DA:57,3
DA:60,1
DA:63,2
LF:27
LH:27
end_of_record
SF:lib/services/consent_sync_service.dart
DA:15,0
DA:16,0
DA:17,0
DA:21,0
DA:22,0
DA:24,0
DA:25,0
DA:26,0
DA:27,0
DA:28,0
DA:33,0
DA:34,0
DA:36,0
DA:37,0
DA:41,0
DA:43,0
DA:44,0
DA:46,0
DA:50,0
DA:51,0
DA:54,0
DA:57,0
DA:58,0
DA:61,0
DA:62,0
DA:63,0
DA:66,0
DA:68,0
DA:69,0
DA:71,0
DA:73,0
DA:74,0
LF:32
LH:0
end_of_record
SF:lib/widgets/shared/coverwise_mark.dart
DA:9,1
DA:16,1
DA:18,1
DA:19,1
DA:20,1
DA:21,1
DA:22,1
DA:23,1
DA:24,3
DA:32,1
DA:34,1
DA:36,1
DA:37,1
DA:38,5
DA:39,7
DA:40,6
DA:41,5
DA:42,7
DA:43,6
DA:44,7
DA:45,6
DA:46,5
DA:47,7
DA:48,6
DA:49,1
DA:51,1
DA:52,2
DA:55,1
DA:58,1
DA:59,1
DA:61,1
DA:62,5
DA:63,5
DA:64,5
DA:65,1
DA:67,1
DA:68,2
DA:69,1
DA:70,3
DA:71,1
DA:72,1
DA:76,0
DA:78,0
LF:43
LH:41
end_of_record
SF:lib/services/server_consent_service.dart
DA:21,1
DA:22,0
DA:33,1
DA:39,2
DA:41,1
DA:47,0
DA:48,0
DA:51,1
DA:52,1
DA:53,3
DA:54,0
DA:57,3
DA:60,0
DA:73,1
DA:75,2
DA:76,0
DA:77,0
DA:78,0
DA:79,0
DA:81,0
DA:84,1
DA:85,1
DA:86,3
DA:87,0
DA:90,3
DA:93,0
DA:112,1
DA:123,1
DA:124,1
DA:125,1
DA:126,1
DA:127,1
DA:128,1
DA:129,1
DA:130,1
DA:131,1
DA:132,2
LF:37
LH:25
end_of_record
SF:lib/widgets/shared/global_error_boundary.dart
DA:20,2
DA:22,1
DA:23,1
DA:31,0
DA:42,1
DA:44,1
DA:45,1
DA:46,1
DA:50,1
DA:51,2
DA:52,2
DA:53,3
DA:57,1
DA:58,1
DA:59,1
DA:60,1
DA:61,0
DA:65,1
DA:71,1
DA:72,1
DA:82,1
DA:84,1
DA:86,1
DA:107,0
DA:108,0
DA:118,1
DA:119,2
DA:120,1
DA:121,3
DA:122,1
DA:123,2
DA:127,1
DA:129,1
DA:130,1
DA:131,1
DA:134,1
DA:135,1
DA:139,2
DA:140,4
DA:141,4
DA:142,4
DA:143,2
DA:147,1
DA:149,2
DA:150,1
DA:172,1
DA:174,3
DA:175,2
DA:177,1
DA:178,1
DA:190,1
DA:191,2
DA:192,3
DA:196,0
DA:202,0
DA:203,0
DA:205,0
DA:211,0
DA:212,0
DA:216,1
DA:218,1
DA:219,1
DA:220,1
DA:221,1
DA:224,2
DA:235,1
DA:237,1
DA:245,1
DA:250,1
DA:260,1
DA:261,1
DA:263,1
DA:264,1
DA:265,3
DA:266,3
DA:269,1
DA:271,1
DA:273,1
DA:275,1
DA:276,1
DA:277,1
DA:298,1
DA:300,1
DA:302,1
DA:308,1
DA:310,1
DA:313,1
DA:314,1
DA:315,1
DA:317,1
DA:318,3
DA:329,1
DA:331,1
DA:332,1
DA:338,1
DA:345,1
DA:346,1
DA:350,1
DA:352,1
DA:353,0
DA:354,0
DA:356,1
DA:358,1
DA:360,1
DA:362,1
DA:363,1
LF:106
LH:94
end_of_record
SF:lib/providers/health_score_provider.dart
DA:18,1
DA:33,1
DA:43,0
DA:44,0
DA:45,0
DA:46,0
DA:48,0
DA:49,0
DA:52,0
DA:53,0
DA:55,0
DA:58,0
DA:60,0
DA:63,0
DA:64,0
DA:65,0
DA:67,0
DA:70,0
DA:71,0
DA:72,0
DA:74,0
DA:75,0
DA:77,0
DA:78,0
DA:80,0
DA:83,0
DA:84,0
DA:88,0
DA:90,0
DA:91,0
DA:93,0
DA:97,0
DA:99,0
DA:100,0
DA:102,0
DA:106,0
DA:108,0
DA:109,0
DA:111,0
DA:115,0
DA:117,0
DA:119,0
DA:121,0
DA:122,0
DA:127,0
DA:129,0
DA:131,0
DA:136,0
DA:138,0
DA:140,0
DA:141,0
DA:142,0
DA:143,0
DA:144,0
DA:146,0
LF:55
LH:2
end_of_record
SF:lib/screens/upgrade_screen.dart
DA:20,1
DA:22,1
DA:23,1
DA:31,1
DA:33,3
DA:34,3
DA:35,1
DA:36,1
DA:38,1
DA:39,1
DA:41,1
DA:42,2
DA:43,1
DA:44,0
DA:49,1
DA:51,1
DA:53,1
DA:54,3
DA:55,1
DA:58,2
DA:59,2
DA:64,1
DA:65,1
DA:68,1
DA:69,1
DA:70,1
DA:71,4
DA:77,3
DA:79,1
DA:80,2
DA:81,2
DA:83,4
DA:84,4
DA:85,4
DA:89,2
DA:91,1
DA:92,1
DA:94,1
DA:95,1
DA:104,1
DA:105,0
DA:115,1
DA:116,1
DA:118,3
DA:122,1
DA:123,2
DA:126,1
DA:127,1
DA:129,3
DA:133,1
DA:134,1
DA:139,1
DA:144,1
DA:149,1
DA:156,0
DA:157,0
DA:158,0
DA:159,0
DA:160,0
DA:164,0
DA:165,0
DA:166,0
DA:167,0
DA:176,1
DA:178,1
DA:180,3
DA:181,1
DA:183,1
DA:184,1
DA:186,1
DA:187,1
DA:188,1
DA:195,1
DA:196,1
DA:198,1
DA:199,1
DA:200,4
DA:206,1
DA:207,3
DA:208,1
DA:210,2
DA:213,2
DA:214,0
DA:215,0
DA:216,0
DA:218,0
DA:236,1
DA:238,1
DA:240,1
DA:241,1
DA:242,1
DA:244,1
DA:245,1
DA:246,1
DA:247,1
DA:248,3
DA:249,1
DA:251,1
DA:252,1
DA:253,2
DA:255,1
DA:257,1
DA:258,1
DA:260,1
DA:261,1
DA:262,1
DA:263,2
DA:264,2
DA:271,1
DA:272,1
DA:273,0
DA:274,1
DA:276,1
DA:277,1
DA:278,2
DA:280,1
DA:282,1
DA:284,1
DA:285,1
DA:287,1
DA:289,1
DA:290,1
DA:291,2
DA:292,2
DA:296,1
DA:326,1
DA:337,1
DA:339,2
DA:340,3
DA:341,1
DA:342,2
DA:343,2
DA:351,1
DA:353,1
DA:355,1
DA:357,1
DA:358,1
DA:359,1
DA:360,1
DA:363,1
DA:364,1
DA:365,1
DA:367,1
DA:368,2
DA:370,2
DA:378,1
DA:379,1
DA:381,1
DA:382,1
DA:383,1
DA:384,1
DA:385,2
DA:391,1
DA:393,1
DA:402,1
DA:403,2
DA:404,1
DA:406,2
DA:412,1
DA:414,1
DA:424,1
DA:427,1
DA:428,3
DA:429,3
DA:430,1
DA:431,1
DA:432,1
DA:433,1
DA:434,1
DA:435,1
DA:436,1
DA:437,1
DA:438,1
DA:439,1
DA:440,1
DA:441,1
DA:446,1
DA:447,1
DA:449,1
DA:454,2
DA:455,1
DA:457,1
DA:463,1
DA:465,1
DA:466,2
DA:468,2
DA:469,1
DA:475,4
DA:484,1
DA:485,3
DA:486,2
DA:487,2
DA:488,1
DA:492,2
DA:493,3
DA:495,1
DA:497,3
DA:498,2
DA:499,2
DA:501,4
DA:502,2
DA:503,4
DA:505,2
DA:506,2
DA:509,1
DA:515,0
DA:516,0
DA:517,0
DA:520,0
DA:521,0
DA:522,0
DA:525,2
DA:534,2
DA:536,1
DA:538,1
DA:540,1
DA:541,3
DA:542,1
DA:544,1
DA:545,1
DA:546,1
DA:549,3
DA:560,1
DA:562,1
DA:564,1
DA:565,1
DA:566,4
DA:569,3
DA:570,1
DA:573,3
DA:577,3
DA:579,3
DA:582,3
DA:586,3
DA:590,3
DA:594,1
DA:595,1
DA:597,1
DA:598,1
DA:600,1
DA:602,1
DA:603,1
DA:610,1
DA:611,1
DA:613,1
DA:614,1
DA:615,1
DA:616,1
DA:617,2
DA:621,2
DA:622,2
DA:633,2
DA:634,1
DA:636,1
DA:637,1
DA:638,1
DA:640,1
DA:642,1
DA:643,1
DA:645,1
DA:646,1
DA:647,1
DA:648,1
DA:650,2
DA:653,2
DA:655,2
DA:663,2
DA:677,0
DA:679,0
DA:680,0
DA:686,0
DA:688,0
DA:690,0
DA:691,0
DA:692,0
DA:693,0
DA:695,0
DA:697,0
DA:698,0
DA:699,0
DA:700,0
DA:701,0
DA:702,0
DA:707,0
DA:708,0
DA:714,0
DA:716,0
DA:718,0
DA:719,0
DA:720,0
DA:722,0
DA:727,0
LF:292
LH:245
end_of_record
